0, 0, 0, 0, 0, 12.13037109375
0, 0, 0, 0, 0, 41.617919921875
0, 0, 0, 0, 0, 60.95751953125
0, 0, 0, 0, 0, 80.23681640625
0, 0, 0, 0, 0, 99.47900390625
0, 0, 0, 0, 0, 118.774658203125
0, 0, 0, 0, 0, 138.6806640625
0, 0, 0, 0, 0, 158.6884765625
0, 0, 0, 0, 0, 178.674072265625
0, 0, 0, 0, 0, 198.7060546875
0, 0, 0, 0, 0, 218.6689453125
0, 0, 0, 0, 0, 238.67578125
0, 0, 0, 0, 0, 258.664794921875
1, 0, 0, 0, 0, 278.7666015625
1, 0, 0, 0, 0, 298.718994140625
1, 0, 0, 0, 0, 318.68505859375
1, 0, 0, 0, 0, 338.676513671875
1, 0, 0, 0, 0, 358.782958984375
1, 1, 0, 0, 0, 378.69580078125
1, 1, 0, 0, 0, 399.38818359375
0, 1, 0, 0, 0, 417.216796875
0, 1, 1, 0, 0, 439.93017578125
0, 0, 1, 0, 0, 458.67529296875
0, 0, 1, 0, 0, 478.671142578125
0, 0, 1, 1, 0, 499.319580078125
0, 0, 1, 1, 0, 518.783203125
0, 0, 1, 1, 0, 536.671875
0, 0, 1, 1, 0, 554.602294921875
0, 0, 1, 1, 0, 572.53466796875
0, 0, 1, 1, 0, 590.4560546875
0, 0, 1, 1, 0, 608.682373046875
0, 0, 1, 1, 0, 626.5205078125
0, 0, 1, 1, 0, 644.348876953125
0, 0, 1, 1, 0, 662.197998046875
0, 0, 1, 1, 0, 680.04052734375
0, 0, 1, 1, 0, 698.858154296875
0, 0, 1, 1, 0, 717.736328125
0, 0, 1, 1, 0, 736.49072265625
0, 0, 1, 1, 0, 755.43408203125
0, 0, 0, 1, 0, 774.273193359375
0, 0, 0, 1, 0, 793.14501953125
0, 0, 0, 1, 0, 812.050537109375
0, 0, 0, 1, 0, 830.865478515625
0, 0, 0, 1, 0, 849.63037109375
0, 0, 0, 1, 0, 869.4697265625
0, 0, 0, 1, 0, 889.490478515625
0, 0, 0, 1, 0, 909.44677734375
0, 0, 1, 1, 0, 929.500732421875
0, 0, 1, 1, 0, 949.61669921875
0, 0, 1, 1, 0, 969.603759765625
0, 0, 1, 1, 0, 989.539306640625
0, 0, 1, 1, 0, 1009.49853515625
0, 0, 1, 1, 0, 1029.55517578125
0, 0, 1, 1, 0, 1049.489013671875
0, 0, 1, 1, 0, 1069.555419921875
0, 0, 1, 1, 0, 1089.485107421875
0, 0, 1, 1, 0, 1109.450927734375
0, 0, 1, 1, 0, 1129.451171875
0, 0, 1, 1, 0, 1149.4755859375
0, 0, 1, 1, 0, 1169.485595703125
0, 0, 1, 1, 0, 1189.4873046875
0, 0, 1, 1, 0, 1209.587646484375
0, 0, 1, 1, 0, 1229.482421875
0, 0, 1, 1, 0, 1249.46630859375
0, 0, 1, 1, 0, 1269.589599609375
0, 0, 1, 1, 0, 1289.487060546875
0, 0, 1, 1, 0, 1309.464111328125
0, 0, 1, 1, 0, 1329.452392578125
0, 0, 1, 1, 0, 1349.49365234375
0, 0, 1, 1, 0, 1369.5107421875
0, 0, 1, 1, 0, 1389.462890625
0, 0, 1, 1, 0, 1409.46826171875
0, 0, 1, 1, 0, 1429.4541015625
0, 0, 1, 1, 0, 1449.641357421875
0, 0, 1, 1, 0, 1469.4912109375
0, 0, 1, 1, 0, 1489.47216796875
0, 0, 1, 1, 0, 1509.554931640625
0, 0, 1, 1, 0, 1529.4931640625
0, 0, 1, 1, 0, 1549.468017578125
0, 0, 1, 1, 0, 1569.45849609375
0, 0, 1, 1, 0, 1589.4580078125
0, 0, 1, 1, 0, 1609.44970703125
0, 0, 1, 1, 0, 1629.504150390625
0, 0, 1, 1, 0, 1649.46240234375
0, 0, 0, 1, 0, 1669.465087890625
0, 0, 0, 1, 0, 1689.7900390625
0, 0, 0, 1, 0, 1709.466552734375
0, 0, 0, 1, 0, 1729.50048828125
0, 0, 0, 1, 0, 1749.620849609375
0, 0, 0, 1, 0, 1779.9775390625
0, 0, 0, 1, 0, 1799.9619140625
0, 0, 0, 1, 0, 1819.71240234375
0, 0, 1, 1, 0, 1839.96533203125
0, 0, 1, 1, 0, 1859.812255859375
0, 0, 1, 1, 0, 1879.860595703125
0, 0, 1, 1, 0, 1899.90478515625
0, 0, 1, 1, 0, 1919.906982421875
0, 0, 1, 1, 0, 1939.778076171875
0, 0, 1, 1, 0, 1959.63232421875
0, 0, 1, 1, 0, 1979.481689453125
0, 0, 1, 1, 0, 1999.603759765625
0, 0, 1, 1, 0, 2019.4755859375
0, 0, 1, 1, 0, 2039.47265625
0, 0, 1, 1, 0, 2059.44580078125
0, 0, 1, 1, 0, 2079.468017578125
0, 0, 1, 1, 0, 2099.52734375
0, 0, 1, 1, 0, 2119.49755859375
0, 0, 1, 1, 0, 2139.4609375
0, 0, 1, 1, 0, 2159.478515625
0, 0, 1, 1, 0, 2179.6279296875
0, 0, 1, 1, 0, 2199.521240234375
0, 0, 1, 1, 0, 2219.44921875
0, 0, 1, 1, 0, 2239.56005859375
0, 0, 0, 1, 0, 2259.468994140625
0, 0, 1, 1, 0, 2279.84912109375
0, 0, 0, 1, 0, 2300.15869140625
0, 0, 1, 1, 0, 2320.470947265625
0, 0, 1, 1, 0, 2340.780517578125
0, 0, 1, 0, 0, 2359.53125
0, 1, 1, 0, 0, 2381.4775390625
0, 1, 1, 0, 0, 2401.777099609375
0, 1, 0, 0, 0, 2420.510498046875
1, 1, 0, 0, 0, 2440.864501953125
1, 1, 0, 0, 0, 2462.765625
1, 0, 0, 0, 0, 2481.54833984375
1, 0, 0, 0, 0, 2506.574951171875
1, 0, 0, 0, 0, 2526.950439453125
1, 0, 0, 0, 0, 2547.287109375
1, 0, 0, 0, 0, 2567.75
1, 0, 0, 0, 0, 2589.082275390625
1, 0, 0, 0, 0, 2609.50048828125
1, 0, 0, 0, 0, 2629.811279296875
1, 0, 0, 0, 0, 2650.0947265625
1, 1, 0, 0, 0, 2670.43017578125
1, 1, 0, 0, 0, 2695.520751953125
0, 1, 0, 0, 0, 2714.3115234375
0, 1, 1, 0, 0, 2737.83740234375
0, 0, 1, 0, 0, 2756.642333984375
0, 0, 1, 0, 0, 2777.0322265625
0, 0, 1, 1, 0, 2799.505126953125
0, 0, 1, 1, 0, 2819.84130859375
0, 0, 1, 1, 0, 2839.483642578125
0, 0, 1, 0, 0, 2859.476806640625
0, 1, 1, 0, 0, 2881.454345703125
0, 1, 1, 0, 0, 2901.7548828125
0, 1, 0, 0, 0, 2920.601318359375
1, 1, 0, 0, 0, 2940.9716796875
1, 1, 0, 0, 0, 2962.881103515625
1, 0, 0, 0, 0, 2981.679443359375
1, 0, 0, 0, 0, 3006.7001953125
1, 0, 0, 0, 0, 3027.05615234375
1, 0, 0, 0, 0, 3047.36865234375
1, 0, 0, 0, 0, 3067.798828125
1, 0, 0, 0, 0, 3089.52587890625
1, 0, 0, 0, 0, 3109.833740234375
1, 0, 0, 0, 0, 3130.120361328125
1, 0, 0, 0, 0, 3150.456298828125
1, 0, 0, 0, 0, 3170.839599609375
1, 1, 0, 0, 0, 3191.199951171875
1, 1, 0, 0, 0, 3213.0849609375
1, 1, 0, 0, 0, 3231.848388671875
0, 1, 0, 0, 0, 3250.664794921875
0, 1, 1, 0, 0, 3272.563232421875
0, 0, 1, 0, 0, 3291.317626953125
0, 0, 1, 0, 0, 3311.62890625
0, 0, 1, 1, 0, 3333.52001953125
0, 0, 1, 1, 0, 3353.9208984375
0, 0, 1, 1, 0, 3372.698974609375
0, 0, 1, 1, 0, 3391.552978515625
0, 0, 1, 1, 0, 3410.35107421875
0, 0, 1, 1, 0, 3429.468994140625
0, 0, 1, 1, 0, 3449.481689453125
0, 0, 1, 1, 0, 3469.58984375
0, 0, 1, 0, 0, 3489.46533203125
0, 1, 1, 0, 0, 3509.44384765625
0, 1, 1, 0, 0, 3529.459228515625
1, 1, 0, 0, 0, 3549.48681640625
1, 1, 0, 0, 0, 3574.558349609375
1, 0, 0, 0, 0, 3593.26318359375
1, 0, 0, 0, 0, 3619.460205078125
0, 0, 0, 0, 0, 3639.77294921875
0, 0, 0, 0, 0, 3660.16162109375
0, 0, 0, 0, 0, 3680.53173828125
0, 0, 0, 0, 0, 3700.82177734375
0, 0, 0, 0, 0, 3721.150146484375
1, 0, 0, 0, 0, 3741.609375
1, 0, 0, 0, 0, 3762.822021484375
1, 0, 0, 0, 0, 3783.217041015625
1, 0, 0, 0, 0, 3803.550537109375
1, 0, 0, 0, 0, 3823.90380859375
1, 1, 0, 0, 0, 3844.256591796875
1, 1, 1, 0, 0, 3866.2138671875
1, 1, 1, 0, 0, 3885.019775390625
1, 1, 1, 0, 0, 3903.944091796875
0, 1, 1, 0, 0, 3922.76025390625
0, 1, 1, 0, 0, 3947.97900390625
0, 1, 1, 0, 0, 3966.73828125
0, 0, 1, 1, 0, 3985.520751953125
0, 0, 1, 1, 0, 4004.296630859375
0, 0, 1, 1, 0, 4023.14111328125
0, 0, 1, 1, 0, 4042.002685546875
0, 0, 1, 1, 0, 4060.78076171875
0, 0, 1, 1, 0, 4079.502685546875
0, 0, 1, 0, 0, 4099.4833984375
0, 0, 1, 0, 0, 4119.639404296875
0, 0, 1, 0, 0, 4139.470458984375
0, 0, 1, 0, 0, 4159.46826171875
0, 0, 1, 0, 0, 4179.467529296875
0, 0, 1, 0, 0, 4199.578857421875
0, 0, 1, 0, 0, 4219.478271484375
0, 1, 1, 0, 0, 4239.45166015625
0, 1, 1, 0, 0, 4259.4580078125
0, 1, 1, 0, 0, 4279.478759765625
0, 1, 1, 0, 0, 4299.486083984375
0, 1, 1, 0, 0, 4319.472412109375
0, 1, 1, 0, 0, 4339.44677734375
0, 1, 0, 0, 0, 4359.588623046875
0, 1, 0, 0, 0, 4379.968994140625
0, 1, 0, 0, 0, 4399.54248046875
0, 1, 0, 0, 0, 4419.466552734375
0, 1, 0, 0, 0, 4439.623779296875
0, 1, 1, 0, 0, 4459.47900390625
0, 1, 1, 0, 0, 4479.82470703125
0, 1, 1, 0, 0, 4499.462646484375
0, 1, 1, 0, 0, 4519.478271484375
0, 0, 1, 0, 0, 4539.455810546875
0, 0, 1, 0, 0, 4561.44140625
0, 0, 1, 0, 0, 4583.302001953125
0, 0, 1, 0, 0, 4605.17431640625
0, 0, 1, 0, 0, 4627.102294921875
0, 0, 1, 0, 0, 4649.4609375
0, 0, 1, 0, 0, 4671.322265625
0, 0, 1, 1, 0, 4693.25439453125
0, 0, 1, 1, 0, 4713.622802734375
0, 0, 1, 1, 0, 4740.447265625
0, 0, 0, 1, 0, 4759.989501953125
0, 0, 0, 1, 0, 4779.852294921875
0, 0, 0, 1, 0, 4799.9638671875
0, 0, 0, 1, 0, 4819.9228515625
0, 0, 0, 1, 0, 4839.895263671875
0, 0, 0, 1, 0, 4860.119140625
0, 0, 0, 1, 0, 4879.89013671875
0, 0, 0, 1, 0, 4899.733642578125
0, 0, 0, 1, 0, 4919.916015625
0, 0, 0, 1, 0, 4939.6279296875
0, 0, 0, 1, 0, 4960.00048828125
0, 0, 0, 1, 0, 4980.65966796875
0, 0, 0, 1, 0, 5016.236083984375
0, 0, 0, 1, 0, 5035.027099609375
0, 0, 0, 1, 0, 5053.937744140625
0, 0, 0, 1, 0, 5072.7373046875
0, 0, 0, 1, 0, 5091.540771484375
0, 0, 0, 1, 0, 5110.31640625
0, 0, 0, 1, 0, 5129.494140625
0, 0, 0, 1, 0, 5149.5498046875
0, 0, 0, 1, 0, 5169.583984375
0, 0, 0, 1, 0, 5189.5341796875
0, 0, 1, 1, 0, 5209.474365234375
0, 0, 1, 1, 0, 5229.495849609375
0, 0, 1, 1, 0, 5249.576171875
0, 0, 1, 1, 0, 5269.48046875
0, 0, 1, 1, 0, 5289.46826171875
0, 0, 1, 1, 0, 5309.455078125
0, 0, 1, 1, 0, 5329.4912109375
0, 0, 1, 1, 0, 5349.637451171875
0, 0, 1, 1, 0, 5369.464111328125
0, 0, 1, 1, 0, 5389.468994140625
0, 0, 1, 1, 0, 5409.5537109375
0, 0, 1, 1, 0, 5429.49609375
0, 0, 1, 1, 0, 5449.70751953125
0, 0, 1, 1, 0, 5477.9619140625
0, 0, 1, 1, 0, 5496.915771484375
0, 0, 1, 1, 0, 5515.718505859375
0, 0, 1, 1, 0, 5534.45751953125
0, 0, 1, 1, 0, 5553.21240234375
0, 0, 1, 1, 0, 5572.027099609375
0, 0, 1, 1, 0, 5590.81103515625
0, 0, 1, 1, 0, 5609.614013671875
0, 0, 1, 1, 0, 5629.1416015625
0, 0, 1, 1, 0, 5649.136962890625
0, 0, 1, 1, 0, 5669.19482421875
0, 0, 1, 1, 0, 5689.27490234375
0, 0, 1, 1, 0, 5709.126220703125
0, 0, 1, 1, 0, 5729.369384765625
0, 0, 1, 1, 0, 5749.45361328125
0, 0, 1, 1, 0, 5769.236328125
0, 0, 1, 1, 0, 5789.223388671875
0, 0, 1, 1, 0, 5809.231689453125
0, 0, 1, 1, 0, 5829.336669921875
0, 0, 1, 1, 0, 5849.328125
0, 0, 1, 1, 0, 5869.226318359375
0, 0, 1, 1, 0, 5889.31103515625
0, 0, 1, 1, 0, 5909.189697265625
0, 0, 1, 1, 0, 5929.229248046875
0, 0, 1, 1, 0, 5949.2578125
0, 0, 1, 1, 0, 5969.19873046875
0, 0, 1, 1, 0, 5989.20947265625
0, 0, 1, 1, 0, 6009.220703125
0, 0, 1, 1, 0, 6029.267578125
0, 0, 1, 1, 0, 6048.976318359375
0, 0, 0, 1, 0, 6069.42041015625
0, 0, 0, 1, 0, 6089.79345703125
0, 0, 0, 1, 0, 6109.205322265625
0, 0, 0, 1, 0, 6129.383544921875
0, 0, 0, 1, 0, 6149.231201171875
0, 0, 0, 1, 0, 6169.276611328125
0, 0, 0, 1, 0, 6188.949951171875
0, 0, 0, 1, 0, 6207.82373046875
0, 0, 0, 1, 0, 6226.576416015625
0, 0, 1, 1, 0, 6245.355712890625
0, 0, 1, 1, 0, 6265.86474609375
0, 0, 1, 1, 0, 6284.671142578125
0, 0, 1, 1, 0, 6303.483642578125
0, 0, 1, 1, 0, 6322.403076171875
0, 0, 1, 1, 0, 6341.19384765625
0, 0, 1, 1, 0, 6359.9306640625
0, 0, 1, 1, 0, 6381.09375
0, 0, 1, 1, 0, 6400.0078125
0, 0, 1, 1, 0, 6419.31201171875
0, 0, 1, 1, 0, 6439.004638671875
0, 0, 1, 1, 0, 6457.832275390625
0, 0, 1, 1, 0, 6476.772216796875
0, 0, 1, 1, 0, 6495.66455078125
0, 0, 1, 1, 0, 6514.450927734375
0, 0, 1, 1, 0, 6533.26123046875
0, 0, 1, 1, 0, 6552.09912109375
0, 0, 1, 1, 0, 6572.501953125
0, 0, 1, 1, 0, 6591.40380859375
0, 0, 1, 1, 0, 6610.2470703125
0, 0, 1, 1, 0, 6629.270263671875
0, 0, 1, 1, 0, 6649.32421875
0, 0, 1, 1, 0, 6669.260986328125
0, 0, 1, 1, 0, 6689.10888671875
0, 0, 1, 1, 0, 6709.152099609375
0, 0, 1, 1, 0, 6729.2353515625
0, 0, 1, 1, 0, 6749.303955078125
0, 0, 1, 1, 0, 6769.4111328125
0, 0, 1, 1, 0, 6789.489990234375
0, 0, 1, 1, 0, 6809.450439453125
0, 0, 1, 1, 0, 6829.36865234375
0, 0, 1, 1, 0, 6849.32568359375
0, 0, 1, 1, 0, 6869.5068359375
0, 0, 0, 1, 0, 6889.28759765625
0, 0, 0, 1, 0, 6909.574462890625
0, 0, 0, 1, 0, 6929.261474609375
0, 0, 0, 1, 0, 6949.317138671875
0, 0, 0, 1, 0, 6969.453857421875
0, 0, 0, 1, 0, 6989.4140625
0, 0, 0, 1, 0, 7009.282470703125
0, 0, 0, 1, 0, 7029.015625
0, 0, 0, 1, 0, 7047.889404296875
0, 0, 1, 1, 0, 7066.639892578125
0, 0, 1, 1, 0, 7087.32666015625
0, 0, 1, 1, 0, 7106.231689453125
0, 0, 1, 1, 0, 7125.009033203125
0, 0, 1, 1, 0, 7143.739013671875
0, 0, 1, 1, 0, 7162.520751953125
0, 0, 1, 1, 0, 7181.552001953125
0, 0, 1, 1, 0, 7214.3955078125
0, 0, 1, 1, 0, 7234.23779296875
0, 0, 1, 1, 0, 7253.983154296875
0, 0, 1, 1, 0, 7273.9140625
0, 0, 1, 1, 0, 7293.8828125
0, 0, 1, 1, 0, 7313.8603515625
0, 0, 1, 1, 0, 7333.708984375
0, 0, 1, 1, 0, 7353.45166015625
0, 0, 1, 1, 0, 7373.207763671875
0, 0, 1, 1, 0, 7392.11083984375
0, 0, 1, 1, 0, 7410.8642578125
0, 0, 1, 1, 0, 7429.59912109375
0, 0, 1, 1, 0, 7449.30810546875
0, 0, 1, 1, 0, 7469.0205078125
0, 0, 1, 1, 0, 7489.199951171875
0, 0, 1, 1, 0, 7508.9638671875
0, 0, 1, 1, 0, 7527.83740234375
0, 0, 1, 1, 0, 7546.600830078125
0, 0, 1, 1, 0, 7565.4189453125
0, 0, 1, 1, 0, 7584.282470703125
0, 0, 1, 1, 0, 7603.162109375
0, 0, 1, 1, 0, 7621.99951171875
0, 0, 1, 1, 0, 7640.77490234375
0, 0, 1, 1, 0, 7659.509521484375
0, 0, 1, 1, 0, 7679.27197265625
0, 0, 1, 1, 0, 7699.004638671875
0, 0, 1, 1, 0, 7719.1875
0, 0, 1, 1, 0, 7739.2880859375
0, 0, 1, 1, 0, 7759.287109375
0, 0, 1, 1, 0, 7779.110107421875
0, 0, 1, 1, 0, 7810.33056640625
0, 0, 1, 1, 0, 7829.773681640625
0, 0, 1, 1, 0, 7849.73193359375
0, 0, 1, 1, 0, 7869.798095703125
0, 0, 1, 1, 0, 7889.815185546875
0, 0, 0, 1, 0, 7909.814208984375
0, 0, 0, 1, 0, 7929.901611328125
0, 0, 0, 1, 0, 7950.010009765625
0, 0, 0, 1, 0, 7969.8173828125
0, 0, 0, 1, 0, 7989.689453125
0, 0, 0, 1, 0, 8009.436767578125
0, 0, 0, 1, 0, 8029.432373046875
0, 0, 0, 1, 0, 8049.329833984375
0, 0, 0, 1, 0, 8069.364501953125
0, 0, 0, 1, 0, 8089.335205078125
0, 0, 0, 1, 0, 8109.32666015625
0, 0, 1, 1, 0, 8129.328857421875
0, 0, 1, 1, 0, 8149.63134765625
0, 0, 1, 1, 0, 8169.4150390625
0, 0, 1, 1, 0, 8189.4365234375
0, 0, 1, 1, 0, 8209.85595703125
0, 0, 1, 1, 0, 8238.20751953125
0, 0, 1, 0, 0, 8257.7919921875
0, 1, 1, 0, 0, 8281.1640625
0, 1, 0, 0, 0, 8302.73681640625
1, 1, 0, 0, 0, 8322.58203125
1, 0, 0, 0, 0, 8345.6875
1, 0, 0, 0, 0, 8370.559326171875
1, 0, 0, 0, 0, 8391.9365234375
1, 0, 0, 0, 0, 8413.3828125
0, 0, 0, 0, 0, 8433.807861328125
0, 0, 0, 0, 0, 8454.19580078125
0, 0, 0, 0, 0, 8474.708984375
1, 0, 0, 0, 0, 8495.16015625
1, 0, 0, 0, 0, 8515.451171875
1, 0, 0, 0, 0, 8535.79541015625
1, 0, 0, 0, 0, 8556.273193359375
1, 0, 0, 0, 0, 8576.630615234375
1, 1, 0, 0, 0, 8596.927978515625
1, 1, 0, 0, 0, 8619.33935546875
1, 1, 0, 0, 0, 8639.03759765625
0, 1, 0, 0, 0, 8657.82177734375
0, 1, 0, 0, 0, 8679.658935546875
0, 1, 1, 0, 0, 8699.427001953125
0, 0, 1, 0, 0, 8719.78955078125
0, 0, 1, 0, 0, 8740.1572265625
0, 0, 1, 0, 0, 8762.082763671875
0, 0, 1, 0, 0, 8784.005615234375
0, 0, 1, 0, 0, 8805.9111328125
0, 0, 1, 0, 0, 8827.82080078125
0, 0, 1, 0, 0, 8849.68701171875
0, 0, 1, 0, 0, 8871.598876953125
0, 0, 1, 0, 0, 8893.53076171875
0, 0, 1, 0, 0, 8915.38525390625
0, 0, 1, 0, 0, 8937.2509765625
0, 0, 1, 0, 0, 8959.485595703125
0, 0, 1, 0, 0, 8981.531005859375
0, 0, 1, 0, 0, 9003.447265625
0, 0, 1, 0, 0, 9025.35595703125
0, 1, 1, 0, 0, 9047.301513671875
0, 1, 1, 0, 0, 9066.181884765625
0, 1, 0, 0, 0, 9084.986328125
1, 1, 0, 0, 0, 9103.729736328125
1, 1, 0, 0, 0, 9125.580078125
1, 1, 0, 0, 0, 9148.27490234375
1, 0, 0, 0, 0, 9167.875244140625
1, 0, 0, 0, 0, 9192.609130859375
1, 0, 0, 0, 0, 9214.070068359375
1, 0, 0, 0, 0, 9235.671630859375
1, 0, 0, 0, 0, 9257.14990234375
1, 0, 0, 0, 0, 9279.79443359375
1, 0, 0, 0, 0, 9301.26318359375
1, 0, 0, 0, 0, 9322.695556640625
1, 0, 0, 0, 0, 9343.4638671875
1, 1, 0, 0, 0, 9364.20166015625
1, 1, 0, 0, 0, 9389.35302734375
0, 1, 0, 0, 0, 9409.365478515625
0, 1, 1, 0, 0, 9432.861328125
0, 0, 1, 0, 0, 9451.734619140625
0, 0, 1, 0, 0, 9472.130126953125
0, 0, 1, 1, 0, 9494.05224609375
0, 0, 1, 1, 0, 9514.4267578125
0, 0, 0, 1, 0, 9533.18994140625
0, 0, 0, 1, 0, 9553.624755859375
0, 0, 0, 1, 0, 9572.4248046875
0, 0, 1, 1, 0, 9591.194580078125
0, 0, 1, 1, 0, 9611.544189453125
0, 0, 1, 1, 0, 9630.2763671875
0, 0, 1, 1, 0, 9649.469970703125
0, 0, 1, 0, 0, 9669.351318359375
0, 0, 1, 0, 0, 9691.255859375
0, 0, 1, 0, 0, 9713.236083984375
0, 0, 1, 0, 0, 9735.177734375
0, 0, 1, 0, 0, 9757.982177734375
0, 1, 1, 0, 0, 9779.931640625
0, 1, 1, 0, 0, 9800.291015625
0, 1, 0, 0, 0, 9819.346923828125
1, 1, 0, 0, 0, 9839.644775390625
1, 1, 0, 0, 0, 9861.668212890625
1, 0, 0, 0, 0, 9880.432373046875
1, 0, 0, 0, 0, 9905.452392578125
1, 0, 0, 0, 0, 9925.771728515625
1, 0, 0, 0, 0, 9946.232177734375
1, 0, 0, 0, 0, 9966.8681640625
1, 0, 0, 0, 0, 9987.3955078125
1, 0, 0, 0, 0, 10009.14892578125
1, 0, 0, 0, 0, 10029.494140625
1, 0, 0, 0, 0, 10049.8544921875
1, 1, 0, 0, 0, 10070.224609375
0, 1, 0, 0, 0, 10095.19580078125
0, 1, 0, 0, 0, 10117.05908203125
0, 1, 1, 0, 0, 10135.767822265625
0, 0, 1, 0, 0, 10156.14453125
0, 0, 1, 1, 0, 10176.549560546875
0, 0, 1, 1, 0, 10196.955322265625
0, 0, 1, 1, 0, 10215.739013671875
0, 0, 1, 1, 0, 10234.6455078125
0, 0, 1, 1, 0, 10254.090087890625
0, 0, 1, 1, 0, 10273.30810546875
0, 0, 1, 1, 0, 10292.18359375
0, 0, 1, 1, 0, 10310.97265625
0, 0, 1, 0, 0, 10329.756103515625
0, 0, 1, 0, 0, 10349.343505859375
0, 0, 1, 0, 0, 10369.324462890625
0, 0, 1, 0, 0, 10389.317138671875
0, 0, 1, 0, 0, 10409.408935546875
0, 0, 1, 0, 0, 10429.30859375
0, 0, 1, 0, 0, 10449.46337890625
0, 0, 1, 0, 0, 10469.32958984375
0, 0, 1, 0, 0, 10489.316650390625
0, 0, 1, 0, 0, 10509.392333984375
0, 0, 1, 0, 0, 10529.32275390625
0, 0, 1, 0, 0, 10549.357177734375
0, 0, 1, 0, 0, 10569.297607421875
0, 0, 1, 0, 0, 10589.3037109375
0, 0, 1, 0, 0, 10609.31298828125
0, 0, 1, 0, 0, 10629.32275390625
0, 0, 1, 0, 0, 10649.4267578125
0, 0, 1, 0, 0, 10669.445556640625
0, 0, 1, 0, 0, 10689.445556640625
0, 0, 1, 0, 0, 10709.30908203125
0, 0, 1, 0, 0, 10729.343994140625
0, 0, 1, 0, 0, 10749.533203125
0, 0, 1, 0, 0, 10769.329833984375
0, 0, 1, 0, 0, 10789.31591796875
0, 0, 1, 0, 0, 10809.3388671875
0, 1, 1, 0, 0, 10829.334228515625
0, 0, 1, 0, 0, 10849.3125
0, 1, 1, 0, 0, 10871.205810546875
0, 1, 1, 0, 0, 10889.96826171875
0, 1, 1, 0, 0, 10909.367919921875
0, 1, 1, 0, 0, 10929.426513671875
0, 1, 1, 0, 0, 10949.498046875
0, 1, 1, 0, 0, 10969.338623046875
0, 1, 1, 0, 0, 10989.414306640625
0, 0, 1, 0, 0, 11009.358642578125
0, 0, 1, 0, 0, 11029.748291015625
0, 0, 1, 0, 0, 11051.61767578125
0, 0, 1, 0, 0, 11073.50341796875
0, 0, 1, 0, 0, 11095.386962890625
0, 0, 1, 0, 0, 11117.25634765625
0, 0, 1, 0, 0, 11139.39990234375
0, 0, 1, 0, 0, 11161.331787109375
0, 0, 1, 0, 0, 11183.254150390625
0, 0, 1, 0, 0, 11205.21142578125
0, 0, 1, 0, 0, 11227.1240234375
0, 0, 1, 0, 0, 11249.40625
0, 0, 1, 0, 0, 11271.358642578125
0, 0, 1, 1, 0, 11293.4052734375
0, 0, 1, 1, 0, 11313.7978515625
0, 0, 1, 1, 0, 11332.5439453125
0, 0, 1, 1, 0, 11351.293701171875
0, 0, 0, 1, 0, 11370.05859375
0, 0, 0, 1, 0, 11390.42626953125
0, 0, 0, 1, 0, 11409.42578125
0, 0, 0, 1, 0, 11429.346435546875
0, 0, 0, 1, 0, 11449.3486328125
0, 0, 0, 1, 0, 11469.33349609375
0, 0, 0, 1, 0, 11489.4482421875
0, 0, 0, 1, 0, 11509.344482421875
0, 0, 0, 1, 0, 11529.329833984375
0, 0, 0, 1, 0, 11549.322265625
0, 0, 0, 1, 0, 11569.36328125
0, 0, 0, 1, 0, 11589.334228515625
0, 0, 1, 1, 0, 11609.31201171875
0, 0, 1, 1, 0, 11629.41015625
0, 0, 1, 1, 0, 11649.426025390625
0, 0, 1, 1, 0, 11669.385009765625
0, 0, 1, 1, 0, 11689.657958984375
0, 0, 1, 0, 0, 11709.52685546875
0, 0, 1, 0, 0, 11729.414794921875
0, 0, 1, 0, 0, 11749.355224609375
0, 0, 1, 0, 0, 11769.351806640625
0, 0, 1, 0, 0, 11789.53466796875
0, 0, 1, 0, 0, 11809.323486328125
0, 0, 1, 0, 0, 11829.301513671875
0, 0, 1, 0, 0, 11849.012939453125
0, 0, 1, 0, 0, 11867.82763671875
0, 0, 1, 0, 0, 11886.640869140625
0, 0, 1, 0, 0, 11905.458984375
0, 0, 1, 0, 0, 11924.246826171875
0, 0, 1, 0, 0, 11943.092529296875
0, 0, 1, 0, 0, 11962.156005859375
0, 0, 1, 0, 0, 11980.970947265625
0, 0, 1, 0, 0, 11999.761962890625
0, 0, 1, 0, 0, 12019.3330078125
0, 0, 1, 0, 0, 12039.320068359375
0, 0, 1, 0, 0, 12059.305908203125
0, 0, 1, 0, 0, 12079.30419921875
0, 0, 1, 0, 0, 12099.395751953125
0, 0, 1, 0, 0, 12119.467041015625
0, 1, 1, 0, 0, 12139.321044921875
0, 1, 1, 0, 0, 12159.064453125
0, 1, 1, 0, 0, 12179.43359375
0, 1, 0, 0, 0, 12199.438720703125
1, 1, 0, 0, 0, 12219.383544921875
1, 1, 0, 0, 0, 12241.309326171875
1, 1, 0, 0, 0, 12260.16455078125
1, 0, 0, 0, 0, 12279.34130859375
1, 0, 0, 0, 0, 12302.761962890625
1, 0, 0, 0, 0, 12323.197021484375
1, 0, 0, 0, 0, 12343.54638671875
1, 0, 0, 0, 0, 12364.002197265625
1, 0, 0, 0, 0, 12384.380615234375
1, 0, 0, 0, 0, 12404.771484375
1, 1, 0, 0, 0, 12425.072265625
1, 1, 0, 0, 0, 12450.144775390625
0, 1, 0, 0, 0, 12469.354248046875
0, 1, 1, 0, 0, 12492.793212890625
0, 1, 1, 0, 0, 12511.659912109375
0, 0, 1, 0, 0, 12530.427978515625
0, 0, 1, 0, 0, 12552.31591796875
0, 0, 1, 1, 0, 12574.23095703125
0, 0, 1, 1, 0, 12594.65380859375
0, 0, 0, 1, 0, 12613.612060546875
0, 0, 1, 1, 0, 12634.019287109375
0, 0, 1, 1, 0, 12654.374755859375
0, 0, 1, 1, 0, 12673.20166015625
0, 0, 1, 0, 0, 12692.00927734375
0, 0, 1, 0, 0, 12710.86083984375
0, 0, 1, 0, 0, 12730.19970703125
0, 0, 1, 0, 0, 12749.483154296875
0, 0, 1, 0, 0, 12769.408935546875
0, 1, 1, 0, 0, 12789.36669921875
0, 1, 1, 0, 0, 12809.4248046875
0, 1, 0, 0, 0, 12829.483642578125
1, 1, 0, 0, 0, 12849.8759765625
1, 1, 0, 0, 0, 12871.82861328125
1, 1, 0, 0, 0, 12890.6337890625
1, 0, 0, 0, 0, 12909.492919921875
1, 0, 0, 0, 0, 12933.05029296875
1, 0, 0, 0, 0, 12953.412841796875
1, 0, 0, 0, 0, 12973.756591796875
1, 0, 0, 0, 0, 12994.071533203125
1, 0, 0, 0, 0, 13014.35498046875
1, 0, 0, 0, 0, 13034.72509765625
1, 0, 0, 0, 0, 13055.092529296875
1, 0, 0, 0, 0, 13075.439208984375
1, 0, 0, 0, 0, 13095.85205078125
1, 0, 0, 0, 0, 13116.257080078125
1, 0, 0, 0, 0, 13136.617919921875
1, 0, 0, 0, 0, 13156.94140625
1, 0, 0, 0, 0, 13177.32275390625
1, 0, 0, 0, 0, 13197.824462890625
1, 1, 0, 0, 0, 13219.414306640625
1, 1, 0, 0, 0, 13244.3798828125
1, 1, 0, 0, 0, 13263.260986328125
1, 1, 0, 0, 0, 13282.046630859375
1, 1, 0, 0, 0, 13300.798828125
1, 1, 0, 0, 0, 13319.56396484375
1, 1, 0, 0, 0, 13339.512451171875
1, 1, 0, 0, 0, 13359.41455078125
1, 1, 0, 0, 0, 13379.39306640625
1, 1, 0, 0, 0, 13399.489990234375
1, 1, 0, 0, 0, 13419.400390625
1, 1, 0, 0, 0, 13439.503662109375
1, 1, 0, 0, 0, 13459.4384765625
1, 1, 0, 0, 0, 13479.402099609375
0, 1, 0, 0, 0, 13499.405517578125
0, 1, 1, 0, 0, 13522.82177734375
0, 1, 1, 0, 0, 13541.671142578125
0, 1, 1, 0, 0, 13560.49365234375
0, 1, 1, 0, 0, 13579.492919921875
0, 0, 1, 0, 0, 13599.3955078125
0, 0, 1, 0, 0, 13621.353759765625
0, 0, 1, 0, 0, 13643.60400390625
0, 0, 1, 0, 0, 13665.630615234375
0, 1, 1, 0, 0, 13687.734130859375
0, 1, 1, 0, 0, 13706.478759765625
0, 1, 0, 0, 0, 13725.216796875
0, 1, 0, 0, 0, 13748.2626953125
0, 1, 0, 0, 0, 13767.796142578125
0, 1, 0, 0, 0, 13787.426025390625
0, 1, 0, 0, 0, 13807.2109375
0, 1, 0, 0, 0, 13827.0615234375
0, 1, 0, 0, 0, 13846.86962890625
0, 1, 0, 0, 0, 13866.740966796875
0, 1, 0, 0, 0, 13886.605712890625
0, 1, 0, 0, 0, 13906.328125
0, 1, 0, 0, 0, 13926.164306640625
0, 1, 0, 0, 0, 13945.2490234375
0, 1, 0, 0, 0, 13964.072265625
0, 1, 0, 0, 0, 13982.807373046875
0, 1, 0, 0, 0, 14001.635986328125
0, 1, 0, 0, 0, 14020.452880859375
0, 1, 0, 0, 0, 14039.40625
0, 1, 1, 0, 0, 14059.552001953125
0, 1, 1, 0, 0, 14079.91357421875
0, 1, 1, 0, 0, 14099.396484375
0, 1, 1, 0, 0, 14119.47607421875
0, 1, 1, 0, 0, 14139.391357421875
0, 0, 1, 0, 0, 14159.452880859375
0, 0, 1, 0, 0, 14179.792724609375
0, 0, 1, 0, 0, 14201.6669921875
0, 0, 1, 0, 0, 14223.54345703125
0, 0, 1, 0, 0, 14245.419921875
0, 0, 1, 0, 0, 14267.286376953125
0, 0, 1, 0, 0, 14289.408935546875
0, 0, 1, 1, 0, 14309.510009765625
0, 0, 1, 1, 0, 14329.408935546875
0, 0, 1, 1, 0, 14349.447265625
0, 0, 1, 1, 0, 14369.511474609375
0, 0, 0, 1, 0, 14389.406005859375
0, 0, 0, 1, 0, 14409.76611328125
0, 0, 0, 1, 0, 14429.390869140625
0, 0, 0, 1, 0, 14449.466552734375
0, 0, 0, 1, 0, 14469.39501953125
0, 0, 0, 1, 0, 14489.402099609375
0, 0, 0, 1, 0, 14509.485107421875
0, 0, 0, 1, 0, 14529.412109375
0, 0, 0, 1, 0, 14549.52392578125
0, 0, 0, 1, 0, 14569.409912109375
0, 0, 0, 1, 0, 14589.39404296875
0, 0, 0, 1, 0, 14609.501953125
0, 0, 0, 1, 0, 14629.425537109375
0, 0, 0, 1, 0, 14649.4140625
0, 0, 0, 1, 0, 14669.5234375
0, 0, 0, 1, 0, 14689.435791015625
0, 0, 0, 1, 0, 14709.40576171875
0, 0, 0, 1, 0, 14729.436279296875
0, 0, 0, 1, 0, 14749.619873046875
0, 0, 0, 1, 0, 14769.436767578125
0, 0, 0, 1, 0, 14789.48876953125
0, 0, 1, 1, 0, 14809.44091796875
0, 0, 1, 1, 0, 14829.825927734375
0, 0, 1, 1, 0, 14849.490234375
0, 0, 1, 1, 0, 14869.45263671875
0, 0, 1, 1, 0, 14889.41796875
0, 0, 1, 1, 0, 14909.428955078125
0, 0, 1, 1, 0, 14929.42578125
0, 0, 1, 1, 0, 14950.38671875
0, 0, 1, 1, 0, 14969.498291015625
0, 0, 1, 0, 0, 14989.511474609375
0, 0, 1, 1, 0, 15009.891357421875
0, 0, 1, 1, 0, 15029.5908203125
0, 0, 1, 1, 0, 15049.451171875
0, 0, 1, 1, 0, 15069.395263671875
0, 0, 1, 1, 0, 15089.5283203125
0, 0, 1, 0, 0, 15109.405029296875
0, 0, 1, 0, 0, 15131.333740234375
0, 0, 1, 0, 0, 15153.1826171875
0, 0, 1, 0, 0, 15175.04638671875
0, 0, 1, 0, 0, 15196.930419921875
0, 0, 1, 0, 0, 15219.38427734375
0, 0, 1, 0, 0, 15241.2724609375
0, 0, 1, 0, 0, 15263.247802734375
0, 0, 1, 0, 0, 15285.84228515625
0, 0, 1, 0, 0, 15309.509033203125
0, 0, 1, 0, 0, 15331.48583984375
0, 0, 1, 0, 0, 15353.358154296875
0, 0, 1, 0, 0, 15376.160400390625
0, 0, 1, 0, 0, 15399.505615234375
0, 0, 1, 0, 0, 15421.50341796875
0, 0, 1, 0, 0, 15443.361328125
0, 0, 1, 1, 0, 15465.340576171875
0, 0, 1, 1, 0, 15484.116943359375
0, 0, 1, 1, 0, 15502.890380859375
0, 0, 1, 1, 0, 15521.71435546875
0, 0, 1, 1, 0, 15540.547607421875
0, 0, 1, 1, 0, 15559.452880859375
0, 0, 1, 1, 0, 15579.4423828125
0, 0, 1, 1, 0, 15599.4921875
0, 0, 1, 1, 0, 15619.397216796875
0, 0, 1, 1, 0, 15639.3955078125
0, 0, 1, 1, 0, 15659.397216796875
0, 0, 1, 1, 0, 15679.447509765625
0, 0, 1, 1, 0, 15699.62939453125
0, 0, 1, 1, 0, 15719.40673828125
0, 0, 1, 1, 0, 15739.4765625
0, 0, 1, 1, 0, 15759.50732421875
0, 0, 1, 1, 0, 15779.437255859375
0, 0, 1, 1, 0, 15799.4091796875
0, 0, 1, 1, 0, 15819.390625
0, 0, 1, 1, 0, 15839.471435546875
0, 0, 1, 1, 0, 15859.44580078125
0, 0, 1, 1, 0, 15879.4013671875
0, 0, 0, 1, 0, 15899.3798828125
0, 0, 0, 1, 0, 15919.38671875
0, 0, 0, 1, 0, 15939.394775390625
0, 0, 0, 1, 0, 15959.4736328125
0, 0, 0, 1, 0, 15979.502685546875
0, 0, 0, 1, 0, 15999.52001953125
0, 0, 0, 1, 0, 16019.398681640625
0, 0, 0, 1, 0, 16039.4443359375
0, 0, 0, 1, 0, 16059.406494140625
0, 0, 0, 1, 0, 16079.49755859375
0, 0, 0, 1, 0, 16099.407470703125
0, 0, 0, 1, 0, 16119.417724609375
0, 0, 0, 1, 0, 16139.425537109375
0, 0, 0, 1, 0, 16159.396240234375
0, 0, 0, 1, 0, 16179.402099609375
0, 0, 1, 1, 0, 16199.390380859375
0, 0, 1, 1, 0, 16219.72021484375
0, 0, 1, 1, 0, 16239.525634765625
0, 0, 1, 1, 0, 16259.427001953125
0, 0, 1, 1, 0, 16279.413818359375
0, 0, 1, 1, 0, 16299.38134765625
0, 0, 1, 1, 0, 16319.516845703125
0, 0, 1, 1, 0, 16339.412109375
0, 0, 1, 1, 0, 16359.4052734375
0, 0, 1, 1, 0, 16379.38671875
0, 0, 1, 1, 0, 16399.382568359375
0, 0, 1, 1, 0, 16419.430908203125
0, 0, 1, 1, 0, 16439.451171875
0, 0, 1, 1, 0, 16459.47705078125
0, 0, 1, 1, 0, 16479.47607421875
0, 0, 1, 1, 0, 16499.43505859375
0, 0, 1, 1, 0, 16519.410888671875
0, 0, 1, 1, 0, 16539.387939453125
0, 0, 1, 1, 0, 16559.48583984375
0, 0, 1, 1, 0, 16579.40478515625
0, 0, 1, 1, 0, 16599.44091796875
0, 0, 1, 1, 0, 16619.403076171875
0, 0, 1, 1, 0, 16639.380859375
0, 0, 1, 1, 0, 16659.413818359375
0, 0, 1, 1, 0, 16679.37890625
0, 0, 1, 1, 0, 16699.525146484375
0, 0, 1, 1, 0, 16719.602783203125
0, 0, 1, 1, 0, 16739.43603515625
0, 0, 1, 1, 0, 16759.430419921875
0, 0, 1, 1, 0, 16779.422607421875
0, 0, 1, 1, 0, 16799.485107421875
0, 0, 1, 1, 0, 16819.79150390625
0, 0, 1, 1, 0, 16839.876708984375
0, 0, 1, 1, 0, 16859.656494140625
0, 0, 1, 1, 0, 16879.9033203125
0, 0, 1, 1, 0, 16899.814453125
0, 0, 1, 1, 0, 16919.7529296875
0, 0, 1, 1, 0, 16939.86962890625
0, 0, 1, 1, 0, 16959.96240234375
0, 0, 1, 1, 0, 16979.7275390625
0, 0, 1, 1, 0, 16999.7685546875
0, 0, 1, 1, 0, 17019.545166015625
0, 0, 1, 1, 0, 17039.49462890625
0, 0, 1, 1, 0, 17059.40283203125
0, 0, 1, 1, 0, 17079.40283203125
0, 0, 1, 1, 0, 17099.42236328125
0, 0, 1, 1, 0, 17119.427978515625
0, 0, 1, 1, 0, 17139.394287109375
0, 0, 1, 1, 0, 17159.4970703125
0, 0, 1, 1, 0, 17179.393798828125
0, 0, 1, 1, 0, 17199.524658203125
0, 0, 1, 1, 0, 17219.413330078125
0, 0, 1, 1, 0, 17239.39306640625
0, 0, 1, 1, 0, 17259.484375
0, 0, 1, 1, 0, 17279.403564453125
0, 0, 1, 1, 0, 17299.4189453125
0, 0, 1, 1, 0, 17319.3994140625
0, 0, 1, 1, 0, 17339.390625
0, 0, 1, 1, 0, 17359.385986328125
0, 0, 1, 1, 0, 17379.427978515625
0, 0, 1, 1, 0, 17399.476318359375
0, 0, 1, 1, 0, 17419.403076171875
0, 0, 1, 1, 0, 17439.54541015625
0, 0, 1, 1, 0, 17459.410888671875
0, 0, 1, 1, 0, 17479.435546875
0, 0, 1, 1, 0, 17499.534912109375
0, 0, 1, 1, 0, 17519.41748046875
0, 0, 1, 1, 0, 17539.395263671875
0, 0, 1, 1, 0, 17559.3974609375
0, 0, 1, 1, 0, 17579.417236328125
0, 0, 1, 1, 0, 17599.393310546875
0, 0, 1, 1, 0, 17619.3837890625
0, 0, 1, 0, 0, 17639.5966796875
0, 0, 1, 0, 0, 17661.834716796875
0, 0, 1, 0, 0, 17683.892333984375
0, 0, 1, 0, 0, 17705.8310546875
0, 0, 1, 0, 0, 17727.814208984375
0, 1, 1, 0, 0, 17749.703857421875
0, 1, 1, 0, 0, 17770.140869140625
0, 1, 1, 0, 0, 17789.422119140625
0, 1, 0, 0, 0, 17809.401123046875
0, 1, 0, 0, 0, 17829.39013671875
0, 1, 0, 0, 0, 17849.455810546875
0, 1, 0, 0, 0, 17869.40478515625
1, 1, 0, 0, 0, 17889.491943359375
1, 1, 0, 0, 0, 17913.07666015625
1, 1, 0, 0, 0, 17931.87646484375
1, 1, 0, 0, 0, 17950.70068359375
1, 1, 0, 0, 0, 17969.54638671875
1, 1, 0, 0, 0, 17989.48779296875
0, 1, 0, 0, 0, 18009.411376953125
0, 1, 0, 0, 0, 18031.3095703125
0, 1, 0, 0, 0, 18050.064208984375
0, 1, 1, 0, 0, 18069.4052734375
0, 1, 1, 0, 0, 18089.40869140625
0, 0, 1, 0, 0, 18109.397705078125
0, 0, 1, 0, 0, 18131.302001953125
0, 0, 1, 0, 0, 18154.033935546875
0, 0, 1, 1, 0, 18176.275390625
0, 0, 1, 1, 0, 18196.66943359375
0, 0, 1, 0, 0, 18215.455322265625
0, 0, 1, 0, 0, 18234.240234375
0, 1, 1, 0, 0, 18253.140625
0, 1, 1, 0, 0, 18271.92041015625
0, 1, 0, 0, 0, 18290.76953125
0, 1, 0, 0, 0, 18311.11474609375
1, 1, 0, 0, 0, 18329.84814453125
1, 1, 0, 0, 0, 18353.2607421875
1, 1, 0, 0, 0, 18372.0078125
1, 0, 0, 0, 0, 18390.823974609375
1, 0, 0, 0, 0, 18414.322265625
1, 0, 0, 0, 0, 18434.80615234375
1, 0, 0, 0, 0, 18455.19677734375
1, 0, 0, 0, 0, 18475.533447265625
1, 1, 0, 0, 0, 18495.90283203125
1, 1, 0, 0, 0, 18520.90771484375
0, 1, 0, 0, 0, 18539.6416015625
0, 1, 0, 0, 0, 18559.37744140625
0, 1, 1, 0, 0, 18581.220703125
0, 0, 1, 0, 0, 18599.951416015625
0, 0, 1, 0, 0, 18620.2880859375
0, 0, 1, 1, 0, 18642.199462890625
0, 0, 1, 1, 0, 18662.7099609375
0, 0, 1, 1, 0, 18681.856689453125
0, 0, 1, 1, 0, 18700.6884765625
0, 0, 1, 1, 0, 18719.484619140625
0, 0, 1, 1, 0, 18739.400390625
0, 0, 1, 1, 0, 18759.491455078125
0, 0, 1, 1, 0, 18779.395263671875
0, 0, 1, 1, 0, 18799.43310546875
0, 0, 1, 0, 0, 18819.389404296875
0, 1, 1, 0, 0, 18841.2568359375
0, 1, 1, 0, 0, 18861.766845703125
0, 1, 1, 0, 0, 18880.595703125
1, 1, 0, 0, 0, 18899.520263671875
1, 1, 0, 0, 0, 18923.085205078125
1, 1, 0, 0, 0, 18941.85888671875
1, 0, 0, 0, 0, 18960.62890625
1, 0, 0, 0, 0, 18984.119873046875
1, 0, 0, 0, 0, 19004.499267578125
1, 0, 0, 0, 0, 19024.810302734375
1, 0, 0, 0, 0, 19045.12939453125
1, 0, 0, 0, 0, 19065.486328125
1, 0, 0, 0, 0, 19085.804931640625
1, 0, 0, 0, 0, 19106.203857421875
1, 1, 0, 0, 0, 19126.6044921875
1, 1, 0, 0, 0, 19149.533935546875
0, 1, 0, 0, 0, 19169.462158203125
0, 1, 1, 0, 0, 19192.920654296875
0, 0, 1, 0, 0, 19211.670654296875
0, 0, 1, 0, 0, 19232.044189453125
0, 0, 1, 1, 0, 19253.971923828125
0, 0, 1, 1, 0, 19274.2890625
0, 0, 1, 1, 0, 19293.105712890625
0, 0, 1, 1, 0, 19311.853271484375
0, 0, 1, 1, 0, 19330.60986328125
0, 0, 1, 1, 0, 19349.579833984375
0, 0, 1, 1, 0, 19369.41796875
0, 0, 1, 1, 0, 19389.481201171875
0, 0, 1, 1, 0, 19409.407470703125
0, 0, 1, 0, 0, 19429.410888671875
0, 0, 1, 0, 0, 19451.314697265625
0, 0, 1, 0, 0, 19473.28466796875
0, 0, 1, 0, 0, 19495.16455078125
0, 0, 1, 0, 0, 19516.9931640625
0, 1, 1, 0, 0, 19539.41650390625
0, 1, 1, 0, 0, 19559.7333984375
0, 1, 0, 0, 0, 19579.377197265625
1, 1, 0, 0, 0, 19599.684326171875
1, 1, 0, 0, 0, 19621.709716796875
1, 0, 0, 0, 0, 19640.546875
1, 0, 0, 0, 0, 19665.547607421875
1, 0, 0, 0, 0, 19685.935546875
1, 0, 0, 0, 0, 19706.385009765625
1, 0, 0, 0, 0, 19726.75341796875
1, 0, 0, 0, 0, 19747.132080078125
1, 0, 0, 0, 0, 19767.47900390625
1, 0, 0, 0, 0, 19791.14453125
1, 1, 0, 0, 0, 19812.3447265625
0, 1, 0, 0, 0, 19835.516845703125
0, 1, 1, 0, 0, 19859.902587890625
0, 1, 1, 0, 0, 19879.984375
0, 0, 1, 0, 0, 19899.62939453125
0, 0, 1, 1, 0, 19923.0625
0, 0, 1, 1, 0, 19944.421142578125
0, 0, 0, 1, 0, 19964.3818359375
0, 0, 0, 1, 0, 19985.55859375
0, 0, 0, 1, 0, 20004.408447265625
0, 0, 0, 1, 0, 20023.29052734375
0, 0, 0, 1, 0, 20042.115234375
0, 0, 1, 1, 0, 20061.0068359375
0, 0, 1, 1, 0, 20081.547119140625
0, 0, 1, 1, 0, 20100.483642578125
0, 0, 1, 1, 0, 20119.53857421875
0, 0, 1, 1, 0, 20139.407958984375
0, 0, 1, 0, 0, 20159.42724609375
0, 0, 1, 0, 0, 20179.39111328125
0, 0, 1, 0, 0, 20199.511962890625
0, 0, 1, 0, 0, 20219.38427734375
0, 0, 1, 0, 0, 20239.3818359375
0, 0, 1, 0, 0, 20259.37646484375
0, 0, 1, 0, 0, 20279.374267578125
0, 0, 1, 0, 0, 20299.39990234375
0, 0, 1, 0, 0, 20319.46044921875
0, 0, 1, 0, 0, 20339.468505859375
0, 0, 1, 0, 0, 20359.466064453125
0, 0, 1, 0, 0, 20379.42333984375
0, 0, 1, 0, 0, 20399.394287109375
0, 1, 1, 0, 0, 20419.369140625
0, 1, 1, 0, 0, 20439.568603515625
0, 1, 1, 0, 0, 20459.412841796875
0, 1, 1, 0, 0, 20479.439453125
0, 1, 1, 0, 0, 20499.384521484375
0, 1, 1, 0, 0, 20519.39453125
0, 1, 1, 0, 0, 20539.385986328125
0, 1, 1, 0, 0, 20559.480712890625
0, 1, 1, 0, 0, 20579.466796875
0, 1, 1, 0, 0, 20599.48095703125
0, 1, 1, 0, 0, 20619.39111328125
0, 1, 1, 0, 0, 20639.390625
0, 1, 1, 0, 0, 20659.4375
0, 1, 1, 0, 0, 20679.48779296875
0, 1, 1, 0, 0, 20699.449951171875
0, 0, 1, 0, 0, 20719.599609375
0, 0, 1, 0, 0, 20741.533447265625
0, 0, 1, 0, 0, 20763.534912109375
0, 0, 1, 0, 0, 20785.415771484375
0, 0, 1, 0, 0, 20807.301513671875
0, 0, 1, 0, 0, 20829.42431640625
0, 0, 1, 0, 0, 20851.357421875
0, 0, 1, 0, 0, 20873.27783203125
0, 0, 1, 0, 0, 20895.190673828125
0, 0, 1, 0, 0, 20917.0556640625
0, 0, 1, 1, 0, 20939.476806640625
0, 0, 1, 1, 0, 20959.822265625
0, 0, 1, 1, 0, 20979.415771484375
0, 0, 1, 1, 0, 20999.423828125
0, 0, 0, 1, 0, 21019.41015625
0, 0, 0, 1, 0, 21039.69873046875
0, 0, 0, 1, 0, 21059.51708984375
0, 0, 0, 1, 0, 21079.40869140625
0, 0, 0, 1, 0, 21099.489501953125
0, 0, 0, 1, 0, 21119.3916015625
0, 0, 0, 1, 0, 21139.448486328125
0, 0, 0, 1, 0, 21159.404296875
0, 0, 0, 1, 0, 21179.4697265625
0, 0, 0, 1, 0, 21199.4150390625
0, 0, 0, 1, 0, 21219.407470703125
0, 0, 0, 1, 0, 21239.4140625
0, 0, 0, 1, 0, 21259.388916015625
0, 0, 0, 1, 0, 21279.39111328125
0, 0, 0, 1, 0, 21299.478515625
0, 0, 0, 1, 0, 21319.400634765625
0, 0, 0, 1, 0, 21339.54052734375
0, 0, 0, 1, 0, 21359.41064453125
0, 0, 0, 1, 0, 21379.3974609375
0, 0, 0, 1, 0, 21399.48046875
0, 0, 0, 1, 0, 21419.431640625
0, 0, 0, 1, 0, 21439.460205078125
0, 0, 0, 1, 0, 21459.385986328125
0, 0, 0, 1, 0, 21479.380859375
0, 0, 0, 1, 0, 21499.39697265625
0, 0, 0, 1, 0, 21519.42431640625
0, 0, 0, 1, 0, 21539.47216796875
0, 0, 0, 1, 0, 21559.398193359375
0, 0, 0, 1, 0, 21579.477783203125
0, 0, 0, 1, 0, 21599.44873046875
