0, 0, 0, 1, 0, 1.785888671875
0, 0, 0, 1, 0, 36.125
0, 0, 0, 1, 0, 43.539306640625
0, 0, 0, 1, 0, 50.846435546875
0, 0, 0, 1, 0, 58.157470703125
0, 0, 0, 1, 0, 65.462646484375
0, 0, 0, 1, 0, 72.77685546875
0, 0, 0, 1, 0, 80.07568359375
0, 0, 0, 1, 0, 87.375732421875
0, 0, 0, 1, 0, 94.683837890625
0, 0, 0, 1, 0, 101.984619140625
0, 0, 0, 1, 1, 109.295166015625
0, 0, 0, 1, 1, 119.405517578125
0, 0, 0, 1, 1, 126.71533203125
0, 0, 0, 1, 1, 134.028076171875
0, 0, 0, 1, 1, 141.36474609375
0, 0, 0, 1, 1, 148.673583984375
0, 0, 0, 1, 1, 155.974609375
0, 0, 0, 1, 1, 163.29541015625
0, 0, 0, 1, 1, 170.594482421875
0, 0, 0, 1, 1, 177.896728515625
0, 0, 0, 1, 1, 185.21728515625
0, 0, 0, 1, 1, 192.5390625
0, 0, 0, 1, 1, 199.84130859375
0, 0, 0, 1, 1, 207.2099609375
0, 0, 0, 1, 1, 214.559326171875
0, 0, 0, 1, 1, 221.864501953125
0, 0, 0, 1, 1, 229.179443359375
0, 0, 0, 1, 1, 236.520751953125
0, 0, 0, 1, 1, 243.85791015625
0, 0, 0, 1, 1, 251.2138671875
0, 0, 0, 1, 1, 258.514892578125
0, 0, 0, 1, 1, 265.8671875
0, 0, 0, 1, 1, 273.431396484375
0, 0, 0, 1, 0, 280.756103515625
0, 0, 0, 1, 0, 292.29736328125
0, 0, 0, 1, 0, 299.826171875
0, 0, 0, 1, 0, 307.220458984375
0, 0, 0, 1, 0, 314.637451171875
0, 0, 0, 1, 0, 321.965576171875
0, 0, 0, 1, 0, 329.264892578125
0, 0, 0, 1, 0, 336.57763671875
0, 0, 0, 1, 0, 343.880615234375
0, 0, 0, 1, 0, 351.221435546875
0, 0, 0, 1, 0, 358.5205078125
0, 0, 0, 1, 0, 365.88232421875
0, 0, 0, 1, 0, 373.216552734375
0, 0, 0, 1, 0, 380.577880859375
0, 0, 1, 1, 0, 387.885009765625
0, 0, 1, 1, 0, 396.822265625
0, 0, 1, 1, 0, 404.22216796875
0, 0, 1, 1, 0, 411.537109375
0, 0, 1, 1, 0, 418.850341796875
0, 0, 1, 1, 0, 426.206787109375
0, 0, 1, 1, 0, 433.521484375
0, 0, 1, 1, 0, 440.823974609375
0, 0, 1, 1, 0, 448.117431640625
0, 0, 1, 1, 0, 455.410888671875
0, 0, 1, 1, 0, 462.759521484375
0, 0, 1, 1, 0, 470.05712890625
0, 0, 1, 1, 0, 477.36767578125
0, 0, 1, 1, 0, 484.6669921875
0, 0, 1, 1, 0, 491.97802734375
0, 0, 1, 1, 0, 499.272216796875
0, 0, 1, 1, 0, 506.583740234375
0, 0, 1, 1, 0, 513.8828125
0, 0, 1, 1, 0, 521.22021484375
0, 0, 1, 1, 0, 528.512451171875
0, 0, 1, 1, 0, 535.85888671875
0, 0, 1, 1, 0, 543.2294921875
0, 0, 1, 1, 0, 551.559814453125
0, 0, 1, 1, 0, 558.943359375
0, 0, 1, 1, 0, 566.310546875
0, 0, 1, 1, 0, 573.625244140625
0, 0, 1, 1, 0, 580.924560546875
0, 0, 1, 1, 0, 588.23779296875
0, 0, 1, 1, 0, 595.530029296875
0, 0, 1, 1, 0, 602.819580078125
0, 0, 1, 1, 0, 610.12158203125
0, 0, 1, 1, 0, 617.418212890625
0, 0, 1, 1, 0, 624.741943359375
0, 0, 1, 1, 0, 632.0419921875
0, 0, 1, 1, 0, 639.349609375
0, 0, 1, 1, 0, 646.668212890625
0, 0, 1, 1, 0, 654.015625
0, 0, 1, 1, 0, 661.3115234375
0, 0, 1, 1, 0, 668.615478515625
0, 0, 1, 1, 0, 675.913330078125
0, 0, 1, 1, 0, 683.216064453125
0, 0, 1, 1, 0, 690.520263671875
0, 0, 1, 1, 0, 697.81494140625
0, 0, 1, 1, 0, 705.119384765625
0, 0, 1, 1, 0, 712.44287109375
0, 0, 1, 1, 0, 719.74951171875
0, 0, 1, 1, 0, 727.044921875
0, 0, 1, 1, 0, 734.340576171875
0, 0, 1, 1, 0, 741.787841796875
0, 0, 1, 1, 0, 749.849365234375
0, 0, 1, 1, 0, 758.0283203125
0, 0, 1, 1, 0, 766.171630859375
0, 0, 1, 1, 0, 774.2646484375
0, 0, 1, 1, 0, 782.355224609375
0, 0, 1, 1, 0, 790.449951171875
0, 0, 1, 1, 0, 798.515380859375
0, 0, 1, 1, 0, 806.577392578125
0, 0, 1, 1, 0, 814.673583984375
0, 0, 1, 1, 0, 822.747802734375
0, 0, 1, 1, 0, 830.821533203125
0, 0, 1, 1, 0, 838.89599609375
0, 0, 1, 1, 0, 846.955322265625
0, 0, 1, 1, 0, 855.05419921875
0, 0, 1, 1, 0, 863.140380859375
0, 0, 1, 1, 0, 871.199462890625
0, 0, 1, 1, 0, 879.271484375
0, 0, 1, 1, 0, 887.36767578125
0, 0, 1, 1, 0, 895.45458984375
0, 0, 1, 1, 0, 903.556884765625
0, 0, 1, 1, 0, 911.6171875
0, 0, 1, 1, 0, 919.701904296875
0, 0, 1, 1, 0, 927.781494140625
0, 0, 1, 1, 0, 935.872314453125
0, 0, 1, 1, 0, 943.956787109375
0, 0, 1, 1, 0, 952.0419921875
0, 0, 1, 1, 0, 960.183349609375
0, 0, 1, 1, 0, 968.251220703125
0, 0, 1, 1, 0, 976.42041015625
0, 0, 1, 1, 0, 984.572021484375
0, 0, 1, 1, 0, 992.67578125
0, 0, 1, 1, 0, 1000.7509765625
0, 0, 1, 1, 0, 1008.837158203125
0, 0, 1, 1, 0, 1016.923828125
0, 0, 1, 1, 0, 1025.0458984375
0, 0, 1, 1, 0, 1033.130126953125
0, 0, 1, 1, 0, 1041.21875
0, 0, 1, 1, 0, 1049.3046875
0, 0, 1, 1, 0, 1057.413330078125
0, 0, 1, 1, 0, 1065.490234375
0, 0, 1, 1, 0, 1073.56103515625
0, 0, 1, 1, 0, 1081.63427734375
0, 0, 1, 1, 0, 1089.72216796875
0, 0, 1, 1, 0, 1097.865234375
0, 0, 1, 1, 0, 1105.954345703125
0, 0, 1, 1, 0, 1114.0185546875
0, 0, 1, 1, 0, 1122.1103515625
0, 0, 1, 1, 0, 1130.195556640625
0, 0, 0, 1, 0, 1138.26708984375
0, 0, 0, 1, 0, 1147.99267578125
0, 0, 0, 1, 0, 1156.108642578125
0, 0, 0, 1, 0, 1164.8603515625
0, 0, 0, 1, 0, 1173.086181640625
0, 0, 0, 1, 0, 1181.1982421875
0, 0, 1, 1, 0, 1189.27685546875
0, 0, 1, 1, 0, 1197.364990234375
0, 0, 1, 1, 0, 1205.44384765625
0, 0, 1, 1, 0, 1213.5634765625
0, 0, 1, 1, 0, 1221.62255859375
0, 0, 1, 0, 0, 1229.69677734375
0, 0, 1, 0, 0, 1237.84765625
0, 0, 1, 0, 0, 1246.03515625
0, 1, 1, 0, 0, 1254.225830078125
0, 1, 1, 0, 0, 1262.332763671875
0, 1, 1, 0, 0, 1270.414794921875
0, 1, 1, 0, 0, 1278.49658203125
0, 1, 0, 0, 0, 1286.57666015625
0, 1, 0, 0, 0, 1296.205810546875
1, 1, 0, 0, 0, 1304.2880859375
1, 1, 0, 0, 0, 1317.04345703125
1, 1, 0, 0, 0, 1325.13037109375
1, 1, 0, 0, 0, 1333.210693359375
1, 1, 0, 0, 0, 1341.347900390625
1, 0, 0, 0, 0, 1349.42138671875
1, 0, 0, 0, 0, 1362.22216796875
1, 0, 0, 0, 0, 1371.871337890625
1, 0, 0, 0, 0, 1382.426513671875
1, 0, 0, 0, 0, 1392.159912109375
1, 0, 0, 0, 0, 1401.783203125
1, 0, 0, 0, 0, 1411.40966796875
1, 0, 0, 0, 0, 1421.057373046875
1, 0, 0, 0, 0, 1430.71435546875
1, 0, 0, 0, 0, 1440.349853515625
1, 0, 0, 0, 0, 1450.064453125
1, 0, 0, 0, 0, 1459.721435546875
1, 0, 0, 0, 0, 1469.416015625
1, 0, 0, 0, 0, 1479.10888671875
1, 0, 0, 0, 0, 1488.76953125
1, 0, 0, 0, 0, 1498.422119140625
1, 0, 0, 0, 0, 1508.046630859375
1, 1, 0, 0, 0, 1517.665771484375
1, 1, 0, 0, 0, 1531.9892578125
1, 1, 0, 0, 0, 1540.14794921875
1, 1, 0, 0, 0, 1548.23486328125
0, 1, 0, 0, 0, 1556.303466796875
0, 1, 0, 0, 0, 1570.979248046875
0, 1, 0, 0, 0, 1579.324462890625
0, 1, 1, 0, 0, 1587.44482421875
0, 1, 1, 0, 0, 1595.52587890625
0, 1, 1, 0, 0, 1603.604248046875
0, 1, 1, 0, 0, 1611.652099609375
0, 0, 1, 0, 0, 1619.713623046875
0, 0, 1, 0, 0, 1631.2529296875
0, 0, 1, 0, 0, 1642.506591796875
0, 0, 1, 0, 0, 1653.753662109375
0, 0, 1, 0, 0, 1665.080810546875
0, 0, 1, 1, 0, 1676.61962890625
0, 0, 1, 1, 0, 1686.294677734375
0, 0, 1, 1, 0, 1694.40087890625
0, 0, 1, 0, 0, 1702.49560546875
0, 0, 1, 0, 0, 1713.762451171875
0, 1, 1, 0, 0, 1725.0654296875
0, 1, 1, 0, 0, 1734.690673828125
0, 1, 1, 0, 0, 1742.7724609375
0, 1, 0, 0, 0, 1750.829833984375
1, 1, 0, 0, 0, 1758.88916015625
1, 1, 0, 0, 0, 1770.141357421875
1, 1, 0, 0, 0, 1780.045166015625
1, 1, 0, 0, 0, 1788.257568359375
1, 0, 0, 0, 0, 1796.57666015625
1, 0, 0, 0, 0, 1810.894775390625
1, 0, 0, 0, 0, 1820.550537109375
1, 0, 0, 0, 0, 1830.187255859375
1, 0, 0, 0, 0, 1839.822021484375
1, 0, 0, 0, 0, 1849.694091796875
1, 0, 0, 0, 0, 1859.437744140625
1, 0, 0, 0, 0, 1869.084716796875
1, 0, 0, 0, 0, 1878.720947265625
1, 0, 0, 0, 0, 1888.41259765625
1, 0, 0, 0, 0, 1898.05810546875
1, 0, 0, 0, 0, 1907.693603515625
1, 0, 0, 0, 0, 1917.330810546875
1, 0, 0, 0, 0, 1926.97021484375
1, 0, 0, 0, 0, 1936.58984375
1, 0, 0, 0, 0, 1946.221923828125
1, 0, 0, 0, 0, 1955.85791015625
1, 0, 0, 0, 0, 1965.58154296875
1, 0, 0, 0, 0, 1975.23583984375
1, 1, 0, 0, 0, 1987.09228515625
1, 1, 0, 0, 0, 2001.561767578125
1, 1, 0, 0, 0, 2009.68603515625
1, 1, 0, 0, 0, 2017.759521484375
1, 1, 0, 0, 0, 2025.8544921875
0, 1, 0, 0, 0, 2033.932373046875
0, 1, 0, 0, 0, 2042.0478515625
0, 1, 0, 0, 0, 2054.791748046875
0, 1, 1, 0, 0, 2062.864501953125
0, 1, 1, 0, 0, 2072.48486328125
0, 1, 1, 0, 0, 2080.559326171875
0, 1, 1, 0, 0, 2088.615234375
0, 1, 1, 0, 0, 2096.686767578125
0, 0, 1, 0, 0, 2104.772705078125
0, 0, 1, 0, 0, 2121.7236328125
0, 0, 1, 0, 0, 2133.0791015625
0, 0, 1, 0, 0, 2144.328857421875
0, 0, 1, 0, 0, 2155.598876953125
0, 0, 1, 0, 0, 2166.8779296875
0, 0, 1, 0, 0, 2178.128173828125
0, 0, 1, 0, 0, 2189.37353515625
0, 0, 1, 0, 0, 2200.767333984375
0, 0, 1, 0, 0, 2212.0576171875
0, 0, 1, 0, 0, 2223.367919921875
0, 0, 1, 0, 0, 2234.62109375
0, 0, 1, 0, 0, 2245.8779296875
0, 1, 1, 0, 0, 2257.234130859375
0, 1, 1, 0, 0, 2265.390625
0, 1, 1, 0, 0, 2273.52880859375
0, 1, 1, 0, 0, 2281.62939453125
0, 1, 1, 0, 0, 2289.707763671875
0, 1, 1, 0, 0, 2297.77392578125
0, 1, 1, 0, 0, 2305.846435546875
0, 1, 1, 0, 0, 2313.902099609375
0, 1, 1, 0, 0, 2321.9951171875
0, 1, 1, 0, 0, 2330.125244140625
0, 1, 1, 0, 0, 2338.18212890625
0, 1, 1, 0, 0, 2346.25439453125
1, 1, 0, 0, 0, 2354.308837890625
1, 1, 0, 0, 0, 2367.08251953125
1, 1, 0, 0, 0, 2375.155029296875
1, 1, 0, 0, 0, 2383.385498046875
1, 1, 0, 0, 0, 2391.4794921875
1, 0, 0, 0, 0, 2399.5595703125
1, 0, 0, 0, 0, 2412.336669921875
1, 0, 0, 0, 0, 2421.98828125
1, 0, 0, 0, 0, 2431.633544921875
1, 0, 0, 0, 0, 2441.370849609375
1, 0, 0, 0, 0, 2451.03564453125
0, 0, 0, 0, 0, 2460.670166015625
0, 0, 0, 0, 0, 2470.36376953125
0, 0, 0, 0, 0, 2480.089599609375
0, 0, 0, 0, 0, 2490.2021484375
0, 0, 0, 0, 0, 2499.89794921875
0, 0, 0, 0, 0, 2509.638427734375
0, 0, 0, 0, 0, 2519.284912109375
0, 0, 0, 0, 0, 2528.92529296875
0, 0, 0, 0, 0, 2538.6005859375
0, 0, 0, 0, 0, 2548.282958984375
1, 0, 0, 0, 0, 2558.026611328125
1, 0, 0, 0, 0, 2567.66552734375
1, 0, 0, 0, 0, 2577.296142578125
1, 0, 0, 0, 0, 2586.98193359375
1, 0, 0, 0, 0, 2596.62646484375
1, 0, 0, 0, 0, 2606.28271484375
1, 0, 0, 0, 0, 2615.923583984375
1, 0, 0, 0, 0, 2625.637451171875
1, 1, 0, 0, 0, 2635.293701171875
1, 1, 0, 0, 0, 2646.57470703125
1, 1, 0, 0, 0, 2654.654052734375
1, 1, 0, 0, 0, 2662.726806640625
1, 1, 0, 0, 0, 2670.81005859375
1, 1, 1, 0, 0, 2678.890380859375
1, 1, 1, 0, 0, 2686.976806640625
1, 1, 1, 0, 0, 2695.084716796875
0, 1, 1, 0, 0, 2717.103271484375
0, 1, 1, 0, 0, 2733.184814453125
0, 1, 1, 0, 0, 2742.45556640625
0, 0, 1, 0, 0, 2751.6826171875
0, 0, 1, 0, 0, 2762.884033203125
0, 0, 1, 1, 0, 2775.811279296875
0, 0, 1, 1, 0, 2786.73583984375
0, 0, 1, 1, 0, 2796.18408203125
0, 0, 1, 1, 0, 2805.541748046875
0, 0, 1, 1, 0, 2814.862060546875
0, 0, 1, 1, 0, 2824.105712890625
0, 0, 1, 1, 0, 2833.287841796875
0, 0, 1, 1, 0, 2842.484130859375
0, 0, 1, 0, 0, 2851.820068359375
0, 0, 1, 0, 0, 2861.14208984375
0, 0, 1, 1, 0, 2870.455322265625
0, 0, 1, 1, 0, 2879.712158203125
0, 0, 1, 0, 0, 2889.079345703125
0, 1, 1, 0, 0, 2898.484130859375
0, 1, 1, 0, 0, 2907.6669921875
0, 1, 1, 0, 0, 2915.94091796875
0, 1, 1, 0, 0, 2924.069091796875
0, 1, 1, 0, 0, 2932.151123046875
0, 1, 1, 0, 0, 2940.231689453125
0, 1, 1, 0, 0, 2948.296630859375
0, 1, 1, 0, 0, 2956.430908203125
0, 1, 0, 0, 0, 2964.593505859375
0, 1, 0, 0, 0, 2974.231201171875
0, 1, 0, 0, 0, 2982.326171875
0, 1, 0, 0, 0, 2990.391357421875
0, 1, 0, 0, 0, 2998.4560546875
0, 1, 0, 0, 0, 3006.518798828125
0, 1, 0, 0, 0, 3014.603759765625
0, 1, 0, 0, 0, 3022.6806640625
0, 1, 0, 0, 0, 3030.73486328125
0, 1, 0, 0, 0, 3038.80126953125
0, 1, 0, 0, 0, 3046.864990234375
0, 1, 0, 0, 0, 3055.02490234375
0, 1, 0, 0, 0, 3063.10009765625
0, 1, 0, 0, 0, 3071.181640625
0, 1, 0, 0, 0, 3079.245361328125
0, 1, 0, 0, 0, 3087.328369140625
0, 1, 0, 0, 0, 3095.41015625
0, 1, 0, 0, 0, 3103.534912109375
0, 1, 0, 0, 0, 3111.619140625
0, 1, 0, 0, 0, 3119.689208984375
0, 1, 0, 0, 0, 3127.758544921875
0, 1, 0, 0, 0, 3135.82958984375
0, 1, 1, 0, 0, 3143.912353515625
0, 1, 1, 0, 0, 3152.0
0, 1, 1, 0, 0, 3160.133056640625
0, 1, 1, 0, 0, 3168.198974609375
0, 1, 1, 0, 0, 3176.255126953125
0, 1, 1, 0, 0, 3184.33349609375
0, 1, 1, 0, 0, 3192.411865234375
0, 1, 1, 0, 0, 3200.486572265625
0, 1, 1, 0, 0, 3208.57666015625
0, 1, 1, 0, 0, 3216.6357421875
0, 1, 1, 0, 0, 3224.70849609375
0, 1, 1, 0, 0, 3232.775634765625
0, 0, 1, 0, 0, 3240.840087890625
0, 0, 1, 0, 0, 3252.11669921875
0, 0, 1, 0, 0, 3263.418701171875
0, 0, 1, 0, 0, 3274.66943359375
0, 0, 1, 0, 0, 3285.92724609375
0, 0, 1, 0, 0, 3297.242431640625
0, 0, 1, 0, 0, 3308.4912109375
0, 0, 1, 0, 0, 3319.74658203125
0, 0, 1, 0, 0, 3331.08837890625
0, 0, 1, 0, 0, 3342.34912109375
0, 0, 1, 0, 0, 3353.610595703125
0, 0, 1, 0, 0, 3364.9111328125
0, 0, 1, 0, 0, 3376.218017578125
0, 0, 1, 0, 0, 3387.486328125
0, 0, 1, 0, 0, 3398.78955078125
0, 0, 1, 0, 0, 3410.1123046875
0, 0, 1, 0, 0, 3421.3720703125
0, 0, 1, 0, 0, 3432.658203125
0, 0, 1, 0, 0, 3443.9091796875
0, 0, 1, 1, 0, 3455.156494140625
0, 0, 1, 1, 0, 3464.79296875
0, 0, 1, 1, 0, 3472.876708984375
0, 0, 1, 1, 0, 3480.975341796875
0, 0, 1, 1, 0, 3489.044921875
0, 0, 1, 1, 0, 3497.26513671875
0, 0, 1, 1, 0, 3505.403564453125
0, 0, 1, 1, 0, 3513.550048828125
0, 0, 1, 1, 0, 3521.65185546875
0, 0, 1, 1, 0, 3529.74072265625
0, 0, 1, 1, 0, 3537.891845703125
0, 0, 1, 1, 0, 3545.9677734375
0, 0, 1, 1, 0, 3554.04931640625
0, 0, 1, 1, 0, 3562.1328125
0, 0, 0, 1, 0, 3570.19189453125
0, 0, 0, 1, 0, 3579.81005859375
0, 0, 0, 1, 0, 3587.99072265625
0, 0, 0, 1, 0, 3596.114990234375
0, 0, 0, 1, 0, 3604.63330078125
0, 0, 0, 1, 0, 3612.753662109375
0, 0, 0, 1, 0, 3620.84423828125
0, 0, 0, 1, 0, 3628.96728515625
0, 0, 0, 1, 0, 3637.06982421875
0, 0, 0, 1, 0, 3645.16650390625
0, 0, 0, 1, 0, 3653.248779296875
0, 0, 0, 1, 0, 3661.38720703125
0, 0, 0, 1, 0, 3669.471923828125
0, 0, 0, 1, 0, 3677.553955078125
0, 0, 0, 1, 0, 3685.6640625
0, 0, 0, 1, 0, 3693.73681640625
0, 0, 0, 1, 0, 3701.830078125
0, 0, 0, 1, 0, 3709.98095703125
0, 0, 0, 1, 0, 3718.072265625
0, 0, 0, 1, 0, 3726.1513671875
0, 0, 0, 1, 0, 3734.23583984375
0, 0, 0, 1, 0, 3742.328857421875
0, 0, 0, 1, 0, 3750.42236328125
0, 0, 0, 1, 0, 3758.4921875
0, 0, 0, 1, 0, 3766.59130859375
0, 0, 0, 1, 0, 3774.684814453125
0, 0, 0, 1, 0, 3782.779052734375
0, 0, 0, 1, 0, 3790.84716796875
0, 0, 0, 1, 0, 3798.935546875
0, 0, 0, 1, 0, 3807.0283203125
0, 0, 0, 1, 0, 3815.102294921875
0, 0, 0, 1, 0, 3823.207275390625
0, 0, 0, 1, 0, 3831.3505859375
0, 0, 0, 1, 0, 3839.4423828125
0, 0, 0, 1, 0, 3847.5517578125
0, 0, 0, 1, 0, 3855.62890625
0, 0, 0, 1, 0, 3863.7265625
0, 0, 0, 1, 0, 3871.804931640625
0, 0, 0, 1, 0, 3879.88623046875
0, 0, 0, 1, 0, 3888.052978515625
0, 0, 0, 1, 0, 3896.154296875
0, 0, 0, 1, 0, 3904.229736328125
0, 0, 0, 1, 0, 3912.326416015625
0, 0, 0, 1, 0, 3920.387939453125
0, 0, 0, 1, 0, 3928.477783203125
0, 0, 0, 1, 0, 3936.5595703125
0, 0, 1, 1, 0, 3944.646484375
0, 0, 1, 1, 0, 3952.732666015625
0, 0, 1, 1, 0, 3960.812744140625
0, 0, 1, 1, 0, 3968.916259765625
0, 0, 1, 1, 0, 3977.025146484375
0, 0, 1, 1, 0, 3985.11474609375
0, 0, 1, 1, 0, 3993.19140625
0, 0, 1, 1, 0, 4001.24853515625
0, 0, 1, 1, 0, 4009.3115234375
0, 0, 1, 1, 0, 4017.404541015625
0, 0, 1, 1, 0, 4025.48876953125
0, 0, 1, 1, 0, 4033.577880859375
0, 0, 1, 1, 0, 4041.64990234375
0, 0, 1, 1, 0, 4049.75
0, 0, 1, 1, 0, 4057.929443359375
0, 0, 1, 1, 0, 4066.090087890625
0, 0, 1, 1, 0, 4074.234375
0, 0, 1, 1, 0, 4082.335205078125
0, 0, 1, 1, 0, 4090.40771484375
0, 0, 1, 1, 0, 4098.496826171875
0, 0, 1, 1, 0, 4106.57421875
0, 0, 1, 1, 0, 4114.66552734375
0, 0, 1, 1, 0, 4122.74951171875
0, 0, 1, 1, 0, 4130.830078125
0, 0, 1, 1, 0, 4138.914794921875
0, 0, 1, 1, 0, 4147.005126953125
0, 0, 1, 1, 0, 4155.0908203125
0, 0, 1, 1, 0, 4163.190673828125
0, 0, 1, 1, 0, 4171.343505859375
0, 0, 1, 1, 0, 4179.421875
0, 0, 1, 1, 0, 4187.553955078125
0, 0, 1, 1, 0, 4195.7451171875
0, 0, 1, 1, 0, 4203.892333984375
0, 0, 1, 1, 0, 4211.9912109375
0, 0, 1, 1, 0, 4220.1376953125
0, 0, 1, 1, 0, 4228.216552734375
0, 0, 1, 1, 0, 4236.99072265625
0, 0, 1, 1, 0, 4245.12548828125
0, 0, 1, 1, 0, 4253.235107421875
0, 0, 1, 1, 0, 4261.392822265625
0, 0, 1, 1, 0, 4269.47216796875
0, 0, 1, 1, 0, 4277.564697265625
0, 0, 1, 1, 0, 4285.747802734375
0, 0, 1, 1, 0, 4293.89501953125
0, 0, 1, 1, 0, 4301.9931640625
0, 0, 1, 1, 0, 4310.15673828125
0, 0, 1, 1, 0, 4318.234375
0, 0, 1, 1, 0, 4326.31982421875
0, 0, 1, 1, 0, 4334.39599609375
0, 0, 1, 1, 0, 4342.479736328125
0, 0, 1, 1, 0, 4350.54541015625
0, 0, 1, 1, 0, 4358.616455078125
0, 0, 1, 1, 0, 4366.701416015625
0, 0, 1, 1, 0, 4374.790283203125
0, 0, 1, 1, 0, 4383.777587890625
0, 0, 1, 1, 0, 4392.013916015625
0, 0, 1, 1, 0, 4400.177734375
0, 0, 1, 1, 0, 4408.97509765625
0, 0, 1, 1, 0, 4417.134521484375
0, 0, 1, 1, 0, 4425.208740234375
0, 0, 1, 1, 0, 4433.400634765625
0, 0, 1, 1, 0, 4441.462646484375
0, 0, 1, 1, 0, 4449.541259765625
0, 0, 1, 1, 0, 4457.621826171875
0, 0, 1, 1, 0, 4465.77734375
0, 0, 1, 1, 0, 4473.9189453125
0, 0, 1, 1, 0, 4482.012939453125
0, 0, 1, 1, 0, 4490.23876953125
0, 0, 1, 1, 0, 4498.3125
0, 0, 0, 1, 0, 4506.46826171875
0, 0, 0, 1, 0, 4516.160400390625
0, 0, 0, 1, 0, 4524.2548828125
0, 0, 0, 1, 0, 4532.36083984375
0, 0, 0, 1, 0, 4540.43408203125
0, 0, 0, 1, 0, 4548.50634765625
0, 0, 0, 1, 0, 4556.598388671875
0, 0, 0, 1, 0, 4564.68603515625
0, 0, 0, 1, 0, 4572.78271484375
0, 0, 0, 1, 0, 4580.8525390625
0, 0, 0, 1, 0, 4588.936767578125
0, 0, 0, 1, 0, 4597.02099609375
0, 0, 0, 1, 0, 4605.108154296875
0, 0, 0, 1, 0, 4613.2021484375
0, 0, 0, 1, 0, 4621.52392578125
0, 0, 0, 1, 0, 4629.645751953125
0, 0, 1, 1, 0, 4637.7333984375
0, 0, 1, 1, 0, 4645.825439453125
0, 0, 1, 1, 0, 4653.907958984375
0, 0, 1, 1, 0, 4661.985107421875
0, 0, 1, 1, 0, 4670.150390625
0, 0, 1, 1, 0, 4678.237060546875
0, 0, 1, 1, 0, 4686.326171875
0, 0, 1, 1, 0, 4694.41259765625
0, 0, 1, 1, 0, 4702.5126953125
0, 0, 1, 1, 0, 4710.585205078125
0, 0, 1, 1, 0, 4718.6552734375
0, 0, 1, 1, 0, 4726.720458984375
0, 0, 1, 1, 0, 4734.8017578125
0, 0, 1, 1, 0, 4742.896240234375
0, 0, 1, 1, 0, 4750.964599609375
0, 0, 1, 0, 0, 4759.048095703125
0, 0, 1, 0, 0, 4767.25341796875
0, 0, 1, 0, 0, 4775.40576171875
0, 0, 1, 0, 0, 4783.532470703125
0, 0, 1, 0, 0, 4791.661865234375
0, 0, 1, 0, 0, 4799.810546875
0, 0, 1, 0, 0, 4808.034423828125
0, 0, 1, 0, 0, 4816.19775390625
0, 0, 1, 0, 0, 4824.3388671875
0, 0, 1, 0, 0, 4832.479736328125
0, 0, 1, 0, 0, 4840.60498046875
0, 0, 1, 0, 0, 4848.72314453125
0, 0, 1, 0, 0, 4856.9140625
0, 0, 1, 0, 0, 4865.07666015625
0, 0, 1, 0, 0, 4873.2265625
0, 0, 1, 0, 0, 4881.368896484375
0, 0, 1, 0, 0, 4889.50537109375
0, 0, 1, 0, 0, 4897.648681640625
0, 0, 1, 0, 0, 4905.803955078125
0, 0, 1, 0, 0, 4913.96826171875
0, 0, 1, 0, 0, 4922.10791015625
0, 0, 1, 0, 0, 4930.243896484375
0, 0, 1, 0, 0, 4938.362060546875
0, 0, 1, 0, 0, 4946.55712890625
0, 0, 1, 0, 0, 4954.68896484375
0, 0, 1, 0, 0, 4962.8369140625
0, 0, 1, 0, 0, 4970.96142578125
0, 0, 1, 0, 0, 4979.100341796875
0, 0, 1, 0, 0, 4987.250732421875
0, 0, 1, 1, 0, 4995.397216796875
0, 0, 1, 1, 0, 5003.551025390625
0, 0, 1, 1, 0, 5011.627685546875
0, 0, 1, 1, 0, 5019.692138671875
0, 0, 1, 1, 0, 5027.758056640625
0, 0, 1, 1, 0, 5035.854248046875
0, 0, 1, 1, 0, 5043.9560546875
0, 0, 1, 1, 0, 5052.04248046875
0, 0, 1, 1, 0, 5060.1875
0, 0, 1, 1, 0, 5068.262451171875
0, 0, 1, 1, 0, 5076.43408203125
0, 0, 1, 1, 0, 5084.60888671875
0, 0, 1, 1, 0, 5092.702392578125
0, 0, 1, 1, 0, 5100.76904296875
0, 0, 1, 1, 0, 5108.84912109375
0, 0, 1, 1, 0, 5116.922607421875
0, 0, 1, 1, 0, 5125.05322265625
0, 0, 1, 1, 0, 5133.13671875
0, 0, 1, 1, 0, 5141.218017578125
0, 0, 1, 1, 0, 5149.300048828125
0, 0, 1, 1, 0, 5157.3896484375
0, 0, 1, 1, 0, 5165.471923828125
0, 0, 1, 1, 0, 5173.575439453125
0, 0, 1, 1, 0, 5181.642333984375
0, 0, 1, 1, 0, 5189.719482421875
0, 0, 1, 1, 0, 5197.781982421875
0, 0, 1, 1, 0, 5205.8759765625
0, 0, 1, 1, 0, 5213.966796875
0, 0, 1, 1, 0, 5222.05712890625
0, 0, 1, 1, 0, 5230.18359375
0, 0, 0, 1, 0, 5238.267333984375
0, 0, 0, 1, 0, 5247.98583984375
0, 0, 0, 1, 0, 5256.1123046875
0, 0, 0, 1, 0, 5264.257080078125
0, 0, 0, 1, 0, 5272.35107421875
0, 0, 0, 1, 0, 5280.443359375
0, 0, 0, 1, 0, 5288.531982421875
0, 0, 0, 1, 0, 5296.624267578125
0, 0, 0, 1, 0, 5304.698486328125
0, 0, 0, 1, 0, 5312.792724609375
0, 0, 0, 1, 0, 5320.8662109375
0, 0, 0, 1, 0, 5328.947021484375
0, 0, 0, 1, 0, 5337.04345703125
0, 0, 0, 1, 0, 5345.136962890625
0, 0, 0, 1, 0, 5353.242431640625
0, 0, 0, 1, 0, 5361.38818359375
0, 0, 0, 1, 0, 5369.45361328125
0, 0, 0, 1, 0, 5377.581787109375
0, 0, 0, 1, 0, 5385.77783203125
0, 0, 0, 1, 0, 5393.916259765625
0, 0, 0, 1, 0, 5402.022216796875
0, 0, 0, 1, 0, 5410.178466796875
0, 0, 0, 1, 0, 5418.2666015625
0, 0, 0, 1, 0, 5426.427001953125
0, 0, 0, 1, 0, 5434.567626953125
0, 0, 0, 1, 0, 5442.6806640625
0, 0, 0, 1, 0, 5450.759521484375
0, 0, 0, 1, 0, 5458.84326171875
0, 0, 0, 1, 0, 5466.932861328125
0, 0, 1, 1, 0, 5475.05615234375
0, 0, 1, 1, 0, 5484.694580078125
0, 0, 1, 1, 0, 5492.77294921875
0, 0, 1, 1, 0, 5500.852783203125
0, 0, 1, 1, 0, 5508.935546875
0, 0, 1, 1, 0, 5517.02294921875
0, 0, 1, 1, 0, 5525.1015625
0, 0, 1, 1, 0, 5533.191162109375
0, 0, 1, 1, 0, 5541.336669921875
0, 0, 1, 1, 0, 5549.4404296875
0, 0, 1, 1, 0, 5557.5556640625
0, 0, 1, 1, 0, 5565.645751953125
0, 0, 1, 1, 0, 5573.72607421875
0, 0, 1, 1, 0, 5581.80029296875
0, 0, 1, 1, 0, 5589.8876953125
0, 0, 1, 1, 0, 5598.03466796875
0, 0, 1, 1, 0, 5606.131103515625
0, 0, 1, 1, 0, 5614.24365234375
0, 0, 1, 1, 0, 5622.473388671875
0, 0, 1, 1, 0, 5630.572998046875
0, 0, 1, 1, 0, 5638.6474609375
0, 0, 1, 1, 0, 5646.718505859375
0, 0, 1, 1, 0, 5654.790771484375
0, 0, 1, 1, 0, 5662.872314453125
0, 0, 1, 1, 0, 5670.95751953125
0, 0, 1, 1, 0, 5679.04443359375
0, 0, 1, 1, 0, 5687.19140625
0, 0, 1, 1, 0, 5695.26806640625
0, 0, 1, 1, 0, 5703.4375
0, 0, 1, 1, 0, 5711.5029296875
0, 0, 1, 1, 0, 5719.583251953125
0, 0, 1, 1, 0, 5727.6650390625
0, 0, 1, 1, 0, 5735.75439453125
0, 0, 1, 1, 0, 5743.884765625
0, 0, 1, 1, 0, 5751.97705078125
0, 0, 1, 1, 0, 5760.114501953125
0, 0, 1, 1, 0, 5768.23779296875
0, 0, 1, 1, 0, 5788.66650390625
0, 0, 1, 1, 0, 5797.859375
0, 0, 1, 1, 0, 5806.9990234375
0, 0, 1, 1, 0, 5816.195556640625
0, 0, 1, 1, 0, 5825.627685546875
0, 0, 1, 1, 0, 5835.036865234375
0, 0, 1, 1, 0, 5844.233154296875
0, 0, 1, 1, 0, 5853.544921875
0, 0, 1, 1, 0, 5862.861572265625
0, 0, 1, 1, 0, 5872.070556640625
0, 0, 1, 1, 0, 5881.363037109375
0, 0, 1, 1, 0, 5890.6962890625
0, 0, 1, 1, 0, 5900.0625
0, 0, 1, 1, 0, 5909.25341796875
0, 0, 1, 1, 0, 5918.517578125
0, 0, 1, 1, 0, 5927.87158203125
0, 0, 1, 1, 0, 5937.06640625
0, 0, 1, 1, 0, 5946.279296875
0, 0, 1, 1, 0, 5955.371337890625
0, 0, 1, 1, 0, 5964.660888671875
0, 0, 1, 1, 0, 5973.991943359375
0, 0, 1, 1, 0, 5982.621337890625
0, 0, 1, 1, 0, 5990.786865234375
0, 0, 1, 1, 0, 5998.892578125
0, 0, 1, 1, 0, 6006.98583984375
0, 0, 1, 1, 0, 6015.082275390625
0, 0, 1, 1, 0, 6023.162109375
0, 0, 1, 1, 0, 6031.23583984375
0, 0, 1, 1, 0, 6039.291748046875
0, 0, 1, 1, 0, 6047.380615234375
0, 0, 1, 1, 0, 6055.466064453125
0, 0, 1, 1, 0, 6063.563720703125
0, 0, 1, 1, 0, 6071.639892578125
0, 0, 1, 1, 0, 6079.732666015625
0, 0, 1, 1, 0, 6087.897216796875
0, 0, 1, 1, 0, 6095.99609375
0, 0, 1, 1, 0, 6104.0908203125
0, 0, 1, 1, 0, 6112.18359375
0, 0, 1, 1, 0, 6120.2490234375
0, 0, 1, 1, 0, 6128.30908203125
0, 0, 1, 1, 0, 6136.47900390625
0, 0, 1, 1, 0, 6144.60400390625
0, 0, 1, 1, 0, 6152.6865234375
0, 0, 1, 1, 0, 6160.7744140625
0, 0, 1, 1, 0, 6168.853515625
0, 0, 0, 1, 0, 6177.7392578125
0, 0, 0, 1, 0, 6185.93408203125
0, 0, 0, 1, 0, 6194.1044921875
0, 0, 0, 1, 0, 6202.216796875
0, 0, 1, 1, 0, 6210.298828125
0, 0, 1, 1, 0, 6218.384033203125
0, 0, 1, 1, 0, 6226.51171875
0, 0, 1, 1, 0, 6234.614501953125
0, 0, 1, 1, 0, 6242.699462890625
0, 0, 0, 1, 0, 6250.781982421875
0, 0, 0, 1, 0, 6260.416748046875
0, 0, 0, 1, 0, 6268.506103515625
0, 0, 0, 1, 0, 6276.59326171875
0, 0, 0, 1, 0, 6284.67333984375
0, 0, 0, 1, 0, 6292.75390625
0, 0, 0, 1, 0, 6300.831787109375
0, 0, 1, 1, 0, 6308.9267578125
0, 0, 1, 1, 0, 6318.554443359375
0, 0, 1, 1, 0, 6326.62451171875
0, 0, 1, 1, 0, 6334.71435546875
0, 0, 1, 1, 0, 6342.800048828125
0, 0, 1, 1, 0, 6350.878662109375
0, 0, 1, 1, 0, 6358.958984375
0, 0, 1, 1, 0, 6367.0595703125
0, 0, 1, 1, 0, 6375.154541015625
0, 0, 1, 1, 0, 6383.267578125
0, 0, 1, 1, 0, 6391.397216796875
0, 0, 1, 1, 0, 6399.4638671875
0, 0, 1, 1, 0, 6407.5556640625
0, 0, 1, 1, 0, 6415.635498046875
0, 0, 1, 1, 0, 6423.719970703125
0, 0, 1, 1, 0, 6431.791748046875
0, 0, 1, 1, 0, 6439.882568359375
0, 0, 1, 1, 0, 6448.04150390625
0, 0, 1, 1, 0, 6456.13427734375
0, 0, 1, 1, 0, 6464.258056640625
0, 0, 1, 1, 0, 6472.329833984375
0, 0, 1, 1, 0, 6480.407470703125
0, 0, 1, 1, 0, 6488.48046875
0, 0, 1, 1, 0, 6496.587890625
0, 0, 1, 1, 0, 6504.667236328125
0, 0, 1, 1, 0, 6512.750244140625
0, 0, 1, 1, 0, 6520.82177734375
0, 0, 0, 1, 0, 6528.897216796875
0, 0, 0, 1, 0, 6539.30712890625
0, 0, 0, 1, 0, 6547.450439453125
0, 0, 0, 1, 0, 6555.5634765625
0, 0, 0, 1, 0, 6563.656982421875
0, 0, 0, 1, 0, 6571.739990234375
0, 0, 0, 1, 0, 6579.820556640625
0, 0, 0, 1, 0, 6588.00927734375
0, 0, 0, 1, 0, 6596.086181640625
0, 0, 0, 1, 0, 6604.227294921875
0, 0, 0, 1, 0, 6612.31982421875
0, 0, 0, 1, 0, 6620.420166015625
0, 0, 0, 1, 0, 6628.536865234375
0, 0, 0, 1, 0, 6636.62939453125
0, 0, 0, 1, 0, 6644.7236328125
0, 0, 0, 1, 0, 6652.836669921875
0, 0, 0, 1, 0, 6660.9189453125
0, 0, 0, 1, 0, 6669.001220703125
0, 0, 0, 1, 0, 6677.1728515625
0, 0, 1, 1, 0, 6685.26025390625
0, 0, 1, 1, 0, 6694.980712890625
0, 0, 1, 1, 0, 6703.062744140625
0, 0, 1, 1, 0, 6711.13818359375
0, 0, 1, 1, 0, 6719.22412109375
0, 0, 1, 1, 0, 6727.32177734375
0, 0, 1, 1, 0, 6735.38720703125
0, 0, 1, 1, 0, 6743.5546875
0, 0, 1, 1, 0, 6751.616943359375
0, 0, 1, 1, 0, 6759.687744140625
0, 0, 1, 1, 0, 6767.78466796875
0, 0, 1, 1, 0, 6775.890380859375
0, 0, 1, 1, 0, 6783.974853515625
0, 0, 1, 1, 0, 6792.06201171875
0, 0, 1, 1, 0, 6800.189208984375
0, 0, 1, 1, 0, 6808.267578125
0, 0, 1, 1, 0, 6816.444091796875
0, 0, 1, 1, 0, 6824.589111328125
0, 0, 1, 1, 0, 6832.68798828125
0, 0, 1, 1, 0, 6840.772216796875
0, 0, 1, 1, 0, 6848.83837890625
0, 0, 1, 1, 0, 6856.902099609375
0, 0, 1, 1, 0, 6865.066162109375
0, 0, 1, 1, 0, 6873.146728515625
0, 0, 1, 1, 0, 6881.2421875
0, 0, 1, 1, 0, 6889.317138671875
0, 0, 1, 1, 0, 6897.4091796875
0, 0, 1, 1, 0, 6905.501220703125
0, 0, 1, 1, 0, 6913.5986328125
0, 0, 1, 1, 0, 6921.6826171875
0, 0, 1, 1, 0, 6929.75390625
0, 0, 1, 1, 0, 6937.917236328125
0, 0, 1, 1, 0, 6946.102783203125
0, 0, 1, 1, 0, 6954.2470703125
0, 0, 1, 1, 0, 6962.344482421875
0, 0, 1, 1, 0, 6970.4208984375
0, 0, 1, 1, 0, 6978.5078125
0, 0, 1, 1, 0, 6986.583984375
0, 0, 1, 1, 0, 6994.647705078125
0, 0, 1, 1, 0, 7002.73095703125
0, 0, 1, 1, 0, 7010.7958984375
0, 0, 1, 1, 0, 7018.880859375
0, 0, 1, 1, 0, 7026.962890625
0, 0, 1, 1, 0, 7035.052978515625
0, 0, 1, 1, 0, 7043.13720703125
0, 0, 1, 1, 0, 7051.21826171875
0, 0, 1, 1, 0, 7059.2978515625
0, 0, 1, 1, 0, 7067.374267578125
0, 0, 1, 1, 0, 7075.466796875
0, 0, 1, 1, 0, 7083.574462890625
0, 0, 0, 1, 0, 7091.64501953125
0, 0, 0, 1, 0, 7099.720947265625
0, 0, 0, 1, 0, 7107.87744140625
0, 0, 0, 1, 0, 7115.97119140625
0, 0, 0, 1, 0, 7124.038330078125
0, 0, 1, 1, 0, 7132.10888671875
0, 0, 1, 1, 0, 7141.757080078125
0, 0, 1, 1, 0, 7149.82177734375
0, 0, 1, 1, 0, 7157.996826171875
0, 0, 1, 0, 0, 7166.114990234375
0, 0, 1, 0, 0, 7177.35400390625
0, 1, 1, 0, 0, 7188.60546875
0, 1, 1, 0, 0, 7198.33984375
0, 1, 1, 0, 0, 7206.49267578125
0, 1, 1, 0, 0, 7214.577392578125
0, 1, 0, 0, 0, 7222.675048828125
1, 1, 0, 0, 0, 7232.3427734375
1, 1, 0, 0, 0, 7243.54736328125
1, 1, 0, 0, 0, 7251.623779296875
1, 1, 0, 0, 0, 7259.69580078125
1, 0, 0, 0, 0, 7267.775390625
1, 0, 0, 0, 0, 7282.068115234375
1, 0, 0, 0, 0, 7291.740478515625
1, 0, 0, 0, 0, 7301.381103515625
1, 0, 0, 0, 0, 7311.02783203125
1, 0, 0, 0, 0, 7320.659912109375
1, 0, 0, 0, 0, 7330.3125
1, 0, 0, 0, 0, 7340.00341796875
1, 0, 0, 0, 0, 7349.646240234375
1, 0, 0, 0, 0, 7359.292236328125
1, 0, 0, 0, 0, 7368.932861328125
1, 0, 0, 0, 0, 7379.49169921875
1, 0, 0, 0, 0, 7389.289306640625
1, 0, 0, 0, 0, 7398.93896484375
1, 0, 0, 0, 0, 7408.56689453125
1, 0, 0, 0, 0, 7418.195556640625
1, 0, 0, 0, 0, 7427.85400390625
1, 0, 0, 0, 0, 7437.51806640625
1, 0, 0, 0, 0, 7447.173583984375
1, 0, 0, 0, 0, 7456.817626953125
1, 0, 0, 0, 0, 7466.55126953125
1, 1, 0, 0, 0, 7476.19482421875
1, 1, 0, 0, 0, 7490.888916015625
1, 1, 0, 0, 0, 7499.012451171875
1, 1, 0, 0, 0, 7507.28564453125
0, 1, 0, 0, 0, 7515.93359375
0, 1, 0, 0, 0, 7528.8115234375
0, 1, 0, 0, 0, 7536.908447265625
0, 1, 1, 0, 0, 7545.041259765625
0, 1, 1, 0, 0, 7553.12548828125
0, 1, 1, 0, 0, 7561.208740234375
0, 1, 1, 0, 0, 7569.2763671875
0, 0, 1, 0, 0, 7577.34716796875
0, 0, 1, 0, 0, 7588.60498046875
0, 0, 1, 0, 0, 7599.842041015625
0, 0, 1, 0, 0, 7611.16064453125
0, 0, 1, 0, 0, 7622.44921875
0, 0, 1, 0, 0, 7633.710693359375
0, 0, 1, 0, 0, 7644.9716796875
0, 0, 1, 0, 0, 7656.22705078125
0, 0, 1, 0, 0, 7667.544921875
0, 0, 1, 0, 0, 7678.79833984375
0, 0, 1, 0, 0, 7690.10498046875
0, 0, 1, 0, 0, 7701.36669921875
0, 1, 1, 0, 0, 7712.676513671875
0, 1, 1, 0, 0, 7720.78466796875
0, 1, 1, 0, 0, 7728.8505859375
0, 1, 1, 0, 0, 7736.930908203125
0, 1, 1, 0, 0, 7745.16943359375
0, 1, 1, 0, 0, 7753.2353515625
0, 1, 1, 0, 0, 7761.36962890625
0, 1, 1, 0, 0, 7769.43603515625
0, 1, 1, 0, 0, 7777.56005859375
0, 1, 1, 0, 0, 7785.614990234375
0, 1, 1, 0, 0, 7793.68701171875
0, 1, 1, 0, 0, 7801.739501953125
0, 1, 1, 0, 0, 7809.8095703125
0, 1, 1, 0, 0, 7817.946044921875
0, 1, 1, 0, 0, 7826.08642578125
0, 1, 1, 0, 0, 7834.242431640625
0, 1, 1, 0, 0, 7842.383544921875
0, 1, 1, 0, 0, 7850.458251953125
0, 1, 1, 0, 0, 7858.51123046875
0, 1, 1, 0, 0, 7866.578857421875
0, 1, 1, 0, 0, 7874.6328125
0, 1, 1, 0, 0, 7882.701904296875
0, 1, 1, 0, 0, 7890.753662109375
0, 1, 1, 0, 0, 7898.82080078125
0, 1, 1, 0, 0, 7906.882080078125
0, 1, 0, 0, 0, 7915.01904296875
0, 1, 0, 0, 0, 7924.64111328125
1, 1, 0, 0, 0, 7932.71875
1, 1, 0, 0, 0, 7945.490478515625
1, 1, 0, 0, 0, 7953.584228515625
1, 1, 0, 0, 0, 7961.650390625
1, 1, 0, 0, 0, 7969.735107421875
1, 0, 0, 0, 0, 7977.899658203125
1, 0, 0, 0, 0, 7990.752685546875
1, 0, 0, 0, 0, 8000.391845703125
1, 0, 0, 0, 0, 8010.087890625
1, 0, 0, 0, 0, 8019.725830078125
1, 0, 0, 0, 0, 8029.431640625
1, 0, 0, 0, 0, 8039.098388671875
1, 0, 0, 0, 0, 8048.777587890625
1, 0, 0, 0, 0, 8058.41064453125
1, 0, 0, 0, 0, 8068.04150390625
1, 0, 0, 0, 0, 8077.687744140625
1, 0, 0, 0, 0, 8087.3525390625
1, 0, 0, 0, 0, 8096.986572265625
1, 0, 0, 0, 0, 8106.637939453125
1, 0, 0, 0, 0, 8116.26904296875
1, 0, 0, 0, 0, 8125.91357421875
1, 0, 0, 0, 0, 8135.541015625
1, 0, 0, 0, 0, 8145.1767578125
1, 1, 0, 0, 0, 8154.898193359375
1, 1, 0, 0, 0, 8166.15185546875
1, 1, 0, 0, 0, 8174.260498046875
1, 1, 0, 0, 0, 8182.332763671875
1, 1, 0, 0, 0, 8190.4150390625
1, 1, 0, 0, 0, 8198.493896484375
0, 1, 0, 0, 0, 8206.577392578125
0, 1, 0, 0, 0, 8219.306884765625
0, 1, 1, 0, 0, 8227.37744140625
0, 1, 1, 0, 0, 8237.001708984375
0, 1, 1, 0, 0, 8245.110595703125
0, 1, 1, 0, 0, 8253.177734375
0, 1, 1, 0, 0, 8261.262939453125
0, 1, 1, 0, 0, 8269.3349609375
0, 0, 1, 0, 0, 8277.40869140625
0, 0, 1, 0, 0, 8288.668212890625
0, 0, 1, 0, 0, 8299.992431640625
0, 0, 1, 0, 0, 8311.33544921875
0, 0, 1, 0, 0, 8322.66552734375
0, 0, 1, 0, 0, 8333.925537109375
0, 0, 1, 0, 0, 8345.177978515625
0, 0, 1, 0, 0, 8356.511962890625
0, 0, 1, 0, 0, 8367.763671875
0, 0, 1, 0, 0, 8379.06103515625
0, 0, 1, 0, 0, 8390.374755859375
0, 1, 1, 0, 0, 8401.634033203125
0, 1, 1, 0, 0, 8409.7001953125
0, 1, 1, 0, 0, 8417.768310546875
0, 1, 1, 0, 0, 8425.83544921875
0, 1, 1, 0, 0, 8433.919921875
0, 1, 1, 0, 0, 8442.028564453125
0, 1, 1, 0, 0, 8450.16650390625
0, 1, 1, 0, 0, 8458.21533203125
0, 1, 1, 0, 0, 8466.302001953125
0, 1, 1, 0, 0, 8474.395751953125
0, 1, 1, 0, 0, 8482.470458984375
0, 1, 1, 0, 0, 8490.543701171875
0, 1, 1, 0, 0, 8498.59521484375
0, 1, 1, 0, 0, 8506.658447265625
0, 1, 1, 0, 0, 8514.718017578125
0, 1, 1, 0, 0, 8522.798828125
0, 1, 1, 0, 0, 8530.84521484375
0, 1, 1, 0, 0, 8538.90869140625
0, 1, 1, 0, 0, 8546.96728515625
0, 1, 1, 0, 0, 8555.044189453125
0, 1, 1, 0, 0, 8563.09375
0, 1, 1, 0, 0, 8571.157958984375
0, 1, 1, 0, 0, 8579.214599609375
0, 1, 1, 0, 0, 8587.28564453125
0, 1, 1, 0, 0, 8595.385009765625
0, 1, 1, 0, 0, 8603.5244140625
0, 1, 1, 0, 0, 8611.574951171875
0, 1, 1, 0, 0, 8619.63916015625
0, 1, 1, 0, 0, 8627.739013671875
0, 1, 1, 0, 0, 8635.81494140625
0, 1, 1, 0, 0, 8643.94140625
0, 1, 1, 0, 0, 8651.993408203125
0, 1, 0, 0, 0, 8660.11328125
0, 1, 0, 0, 0, 8668.180908203125
1, 1, 0, 0, 0, 8676.23046875
1, 1, 0, 0, 0, 8688.978515625
1, 1, 0, 0, 0, 8697.059814453125
1, 1, 0, 0, 0, 8705.14990234375
1, 1, 0, 0, 0, 8713.23583984375
1, 1, 0, 0, 0, 8721.372802734375
1, 1, 0, 0, 0, 8729.4365234375
1, 0, 0, 0, 0, 8737.5888671875
1, 0, 0, 0, 0, 8763.606689453125
1, 0, 0, 0, 0, 8774.3623046875
1, 0, 0, 0, 0, 8785.3349609375
1, 0, 0, 0, 0, 8796.3046875
1, 0, 0, 0, 0, 8807.4638671875
1, 0, 0, 0, 0, 8818.28173828125
1, 0, 0, 0, 0, 8829.28271484375
1, 0, 0, 0, 0, 8840.51025390625
1, 1, 0, 0, 0, 8852.04443359375
1, 1, 0, 0, 0, 8868.275146484375
1, 1, 0, 0, 0, 8877.503173828125
1, 1, 0, 0, 0, 8886.78515625
0, 1, 0, 0, 0, 8896.009521484375
0, 1, 0, 0, 0, 8910.5205078125
0, 1, 1, 0, 0, 8919.599853515625
0, 1, 1, 0, 0, 8930.69677734375
0, 1, 1, 0, 0, 8940.09130859375
0, 0, 1, 0, 0, 8948.80908203125
0, 0, 1, 0, 0, 8958.62890625
0, 0, 1, 0, 0, 8969.98828125
0, 0, 1, 1, 0, 8981.255126953125
0, 0, 1, 1, 0, 8990.919677734375
0, 0, 1, 1, 0, 8999.00634765625
0, 0, 1, 1, 0, 9007.084716796875
0, 0, 1, 1, 0, 9015.153076171875
0, 0, 1, 1, 0, 9023.230224609375
0, 0, 1, 1, 0, 9031.389892578125
0, 0, 1, 1, 0, 9039.4716796875
0, 0, 1, 1, 0, 9047.564453125
0, 0, 1, 1, 0, 9055.7431640625
0, 0, 1, 1, 0, 9063.9033203125
0, 0, 1, 1, 0, 9071.9931640625
0, 0, 1, 1, 0, 9080.149658203125
0, 0, 1, 1, 0, 9088.2314453125
0, 0, 1, 1, 0, 9096.30224609375
0, 0, 1, 0, 0, 9104.39599609375
0, 0, 1, 0, 0, 9115.659423828125
0, 0, 1, 0, 0, 9126.9423828125
0, 0, 1, 0, 0, 9138.1728515625
0, 0, 1, 0, 0, 9149.521240234375
0, 0, 1, 0, 0, 9160.76708984375
0, 0, 1, 0, 0, 9172.017822265625
0, 0, 1, 0, 0, 9183.336669921875
0, 0, 1, 0, 0, 9194.62158203125
0, 0, 1, 0, 0, 9205.888671875
0, 0, 1, 0, 0, 9217.122802734375
0, 0, 1, 0, 0, 9228.434814453125
0, 0, 1, 0, 0, 9239.681640625
0, 0, 1, 0, 0, 9250.940673828125
0, 0, 1, 0, 0, 9262.193115234375
0, 0, 1, 0, 0, 9273.533935546875
0, 0, 1, 0, 0, 9284.790771484375
0, 0, 1, 0, 0, 9296.0673828125
0, 0, 1, 0, 0, 9307.32080078125
0, 1, 1, 0, 0, 9318.570556640625
0, 1, 1, 0, 0, 9328.19384765625
0, 1, 1, 0, 0, 9336.27099609375
0, 1, 1, 0, 0, 9344.326416015625
0, 1, 1, 0, 0, 9352.400390625
0, 1, 1, 0, 0, 9360.457763671875
0, 1, 1, 0, 0, 9368.519775390625
0, 0, 1, 0, 0, 9376.641357421875
0, 0, 1, 0, 0, 9388.0302734375
0, 0, 1, 0, 0, 9399.271728515625
0, 1, 1, 0, 0, 9410.53955078125
0, 1, 1, 0, 0, 9418.6201171875
0, 1, 1, 0, 0, 9426.712158203125
0, 1, 1, 0, 0, 9434.7890625
0, 1, 1, 0, 0, 9442.841552734375
0, 1, 1, 0, 0, 9450.90869140625
0, 1, 1, 0, 0, 9458.95849609375
0, 0, 1, 0, 0, 9467.03759765625
0, 0, 1, 0, 0, 9476.72412109375
0, 0, 1, 0, 0, 9488.03759765625
0, 0, 1, 0, 0, 9499.821533203125
0, 0, 1, 0, 0, 9511.60791015625
0, 0, 1, 0, 0, 9522.929443359375
0, 0, 1, 0, 0, 9534.223388671875
0, 0, 1, 0, 0, 9546.377197265625
0, 0, 1, 0, 0, 9558.36474609375
0, 0, 1, 0, 0, 9569.714599609375
0, 0, 1, 0, 0, 9581.187744140625
0, 0, 1, 0, 0, 9592.431884765625
0, 0, 1, 0, 0, 9603.726806640625
0, 0, 1, 0, 0, 9614.982421875
0, 0, 1, 0, 0, 9626.287841796875
0, 0, 1, 0, 0, 9637.6044921875
0, 0, 1, 0, 0, 9648.8486328125
0, 0, 1, 0, 0, 9660.171142578125
0, 0, 1, 0, 0, 9671.463623046875
0, 0, 1, 0, 0, 9682.719970703125
0, 0, 1, 0, 0, 9693.988037109375
0, 0, 1, 0, 0, 9705.235107421875
0, 0, 1, 0, 0, 9716.564697265625
0, 0, 1, 0, 0, 9727.83984375
0, 0, 1, 0, 0, 9739.13232421875
0, 0, 1, 0, 0, 9750.381591796875
0, 0, 1, 0, 0, 9761.62841796875
0, 0, 1, 0, 0, 9772.888427734375
0, 0, 1, 1, 0, 9784.22705078125
0, 0, 1, 1, 0, 9793.888671875
0, 0, 1, 1, 0, 9801.98828125
0, 0, 1, 1, 0, 9810.13623046875
0, 0, 1, 1, 0, 9818.20947265625
0, 0, 1, 1, 0, 9826.297119140625
0, 0, 1, 1, 0, 9834.38671875
0, 0, 1, 1, 0, 9842.474853515625
0, 0, 1, 1, 0, 9850.572998046875
0, 0, 1, 1, 0, 9858.655517578125
0, 0, 1, 1, 0, 9866.746826171875
0, 0, 0, 1, 0, 9874.826416015625
0, 0, 0, 1, 0, 9882.89697265625
0, 0, 0, 1, 0, 9890.970947265625
0, 0, 0, 1, 0, 9899.048828125
0, 0, 0, 1, 0, 9907.20947265625
0, 0, 0, 1, 0, 9915.28271484375
0, 0, 0, 1, 0, 9923.43505859375
0, 0, 0, 1, 0, 9931.520263671875
0, 0, 0, 1, 0, 9939.598388671875
0, 0, 0, 1, 0, 9947.68359375
0, 0, 0, 1, 0, 9955.77587890625
0, 0, 0, 1, 0, 9963.90283203125
0, 0, 0, 1, 0, 9971.992919921875
0, 0, 0, 1, 0, 9980.13818359375
0, 0, 0, 1, 0, 9988.22314453125
0, 0, 0, 1, 0, 9996.31982421875
0, 0, 0, 1, 0, 10004.405517578125
0, 0, 0, 1, 0, 10012.487548828125
0, 0, 0, 1, 0, 10020.5712890625
0, 0, 0, 1, 0, 10028.657470703125
0, 0, 0, 1, 0, 10036.736572265625
0, 0, 0, 1, 0, 10044.912353515625
0, 0, 0, 1, 0, 10053.027099609375
0, 0, 0, 1, 0, 10061.1162109375
0, 0, 0, 1, 0, 10069.20166015625
0, 0, 0, 1, 0, 10077.29833984375
0, 0, 0, 1, 0, 10085.397216796875
0, 0, 0, 1, 0, 10093.543212890625
0, 0, 0, 1, 0, 10101.643310546875
0, 0, 0, 1, 0, 10109.709228515625
0, 0, 0, 1, 0, 10117.87890625
0, 0, 0, 1, 0, 10125.97900390625
0, 0, 0, 1, 0, 10134.056396484375
0, 0, 0, 1, 0, 10142.134765625
0, 0, 0, 1, 0, 10150.21142578125
0, 0, 0, 1, 0, 10158.296630859375
0, 0, 1, 1, 0, 10166.50341796875
0, 0, 1, 1, 0, 10174.59765625
0, 0, 1, 1, 0, 10182.684814453125
0, 0, 1, 1, 0, 10190.7626953125
0, 0, 1, 1, 0, 10198.86865234375
0, 0, 1, 1, 0, 10206.946044921875
0, 0, 1, 1, 0, 10215.0625
0, 0, 1, 1, 0, 10223.138916015625
0, 0, 1, 1, 0, 10231.22705078125
0, 0, 1, 1, 0, 10239.30810546875
0, 0, 1, 1, 0, 10247.393310546875
0, 0, 1, 1, 0, 10255.478271484375
0, 0, 1, 1, 0, 10263.573486328125
0, 0, 1, 1, 0, 10271.6748046875
0, 0, 1, 1, 0, 10279.8115234375
0, 0, 1, 1, 0, 10287.98291015625
0, 0, 1, 1, 0, 10296.081787109375
0, 0, 1, 0, 0, 10304.20751953125
0, 0, 1, 0, 0, 10312.390869140625
0, 0, 1, 0, 0, 10320.545654296875
0, 0, 1, 0, 0, 10328.6904296875
0, 0, 1, 0, 0, 10336.8974609375
0, 0, 1, 0, 0, 10345.050537109375
0, 0, 1, 0, 0, 10353.1875
0, 0, 1, 0, 0, 10361.369140625
0, 0, 1, 0, 0, 10369.52197265625
0, 0, 1, 0, 0, 10378.156005859375
0, 0, 1, 0, 0, 10386.488037109375
0, 0, 1, 0, 0, 10394.677490234375
0, 0, 1, 0, 0, 10402.829345703125
0, 0, 1, 0, 0, 10410.956787109375
0, 0, 1, 0, 0, 10419.087158203125
0, 0, 1, 0, 0, 10427.221435546875
0, 0, 1, 0, 0, 10435.367919921875
0, 0, 1, 0, 0, 10443.535400390625
0, 0, 1, 0, 0, 10451.691162109375
0, 0, 1, 0, 0, 10459.827880859375
0, 0, 1, 0, 0, 10468.061767578125
0, 0, 1, 0, 0, 10476.206787109375
0, 0, 1, 0, 0, 10484.349365234375
0, 0, 1, 0, 0, 10492.50634765625
0, 0, 1, 0, 0, 10500.666748046875
0, 0, 1, 0, 0, 10508.815185546875
0, 0, 1, 0, 0, 10516.96630859375
0, 0, 1, 0, 0, 10525.10498046875
0, 0, 1, 0, 0, 10533.235107421875
0, 0, 1, 0, 0, 10541.385009765625
0, 0, 1, 0, 0, 10549.542236328125
0, 0, 1, 0, 0, 10557.70068359375
0, 0, 1, 0, 0, 10565.8505859375
0, 0, 1, 0, 0, 10574.014404296875
0, 0, 1, 0, 0, 10582.147705078125
0, 0, 1, 0, 0, 10590.3037109375
0, 0, 1, 0, 0, 10598.44921875
0, 0, 1, 0, 0, 10606.5849609375
0, 0, 1, 0, 0, 10614.705078125
0, 0, 1, 0, 0, 10622.853759765625
0, 0, 1, 0, 0, 10631.015380859375
0, 0, 1, 0, 0, 10639.174560546875
0, 0, 1, 0, 0, 10647.306640625
0, 0, 1, 0, 0, 10655.439453125
0, 0, 1, 0, 0, 10663.59033203125
0, 0, 1, 0, 0, 10671.73095703125
0, 0, 1, 0, 0, 10679.860107421875
0, 0, 1, 0, 0, 10688.09130859375
0, 0, 1, 0, 0, 10696.21826171875
0, 0, 1, 0, 0, 10704.34814453125
0, 0, 1, 0, 0, 10712.494384765625
0, 0, 1, 0, 0, 10720.626953125
0, 0, 1, 0, 0, 10728.75390625
0, 0, 1, 0, 0, 10736.90380859375
0, 0, 1, 0, 0, 10745.0732421875
0, 0, 1, 0, 0, 10753.21435546875
0, 0, 1, 0, 0, 10761.372802734375
0, 0, 1, 0, 0, 10769.50390625
0, 0, 1, 0, 0, 10777.634033203125
0, 0, 1, 0, 0, 10785.788330078125
0, 0, 1, 0, 0, 10793.9501953125
0, 0, 1, 0, 0, 10802.080078125
0, 0, 1, 0, 0, 10810.2353515625
0, 0, 1, 0, 0, 10818.360595703125
0, 0, 1, 0, 0, 10826.58935546875
0, 0, 1, 0, 0, 10834.7548828125
0, 0, 1, 0, 0, 10842.896484375
0, 0, 1, 0, 0, 10851.0234375
0, 0, 1, 0, 0, 10859.145263671875
0, 0, 1, 0, 0, 10867.27587890625
0, 0, 1, 0, 0, 10875.42919921875
0, 0, 1, 0, 0, 10883.593017578125
0, 0, 1, 0, 0, 10891.720947265625
0, 0, 1, 0, 0, 10899.86474609375
0, 0, 1, 0, 0, 10908.0947265625
0, 0, 1, 0, 0, 10916.249267578125
0, 0, 1, 0, 0, 10924.39306640625
0, 0, 1, 0, 0, 10932.533203125
0, 0, 1, 0, 0, 10940.6865234375
0, 0, 1, 0, 0, 10948.844482421875
0, 0, 1, 0, 0, 10957.02734375
0, 0, 1, 0, 0, 10965.16796875
0, 0, 1, 0, 0, 10973.385986328125
0, 0, 1, 0, 0, 10981.53076171875
0, 0, 1, 0, 0, 10989.66259765625
0, 0, 1, 0, 0, 10997.79296875
0, 0, 1, 0, 0, 11005.921875
0, 0, 1, 0, 0, 11014.08203125
0, 0, 1, 0, 0, 11022.28857421875
0, 0, 1, 0, 0, 11030.443603515625
0, 0, 1, 0, 0, 11038.608154296875
0, 0, 1, 0, 0, 11046.764404296875
0, 0, 1, 0, 0, 11054.97998046875
0, 0, 1, 0, 0, 11063.11474609375
0, 1, 1, 0, 0, 11071.330078125
0, 1, 1, 0, 0, 11079.427734375
0, 1, 1, 0, 0, 11087.552734375
0, 1, 1, 0, 0, 11095.62646484375
0, 1, 1, 0, 0, 11104.402099609375
0, 1, 0, 0, 0, 11112.532470703125
0, 1, 0, 0, 0, 11120.632080078125
0, 1, 0, 0, 0, 11128.718505859375
0, 1, 0, 0, 0, 11136.883544921875
1, 1, 0, 0, 0, 11145.039306640625
1, 1, 0, 0, 0, 11157.808837890625
1, 1, 0, 0, 0, 11165.89453125
1, 1, 0, 0, 0, 11173.977294921875
1, 1, 0, 0, 0, 11182.073486328125
1, 1, 0, 0, 0, 11190.19140625
1, 0, 0, 0, 0, 11198.260986328125
1, 0, 0, 0, 0, 11212.6748046875
1, 0, 0, 0, 0, 11222.328369140625
1, 0, 0, 0, 0, 11231.984619140625
1, 0, 0, 0, 0, 11241.646728515625
1, 0, 0, 0, 0, 11251.375732421875
1, 0, 0, 0, 0, 11261.022705078125
1, 0, 0, 0, 0, 11270.6806640625
1, 0, 0, 0, 0, 11280.31298828125
1, 0, 0, 0, 0, 11290.026611328125
1, 1, 0, 0, 0, 11299.67822265625
1, 1, 0, 0, 0, 11310.871337890625
1, 1, 0, 0, 0, 11318.957763671875
1, 1, 0, 0, 0, 11327.04052734375
1, 1, 0, 0, 0, 11335.12451171875
1, 1, 0, 0, 0, 11343.213134765625
0, 1, 0, 0, 0, 11351.345947265625
0, 1, 0, 0, 0, 11364.092041015625
0, 1, 1, 0, 0, 11372.17919921875
0, 1, 1, 0, 0, 11381.839111328125
0, 1, 1, 0, 0, 11389.986572265625
0, 0, 1, 0, 0, 11398.069580078125
0, 0, 1, 0, 0, 11407.787353515625
0, 0, 1, 0, 0, 11419.039306640625
0, 0, 1, 0, 0, 11430.3427734375
0, 0, 1, 0, 0, 11441.590576171875
0, 0, 1, 1, 0, 11452.83447265625
0, 0, 1, 1, 0, 11462.479248046875
0, 0, 1, 1, 0, 11470.579345703125
0, 0, 1, 1, 0, 11478.673828125
0, 0, 1, 1, 0, 11486.831298828125
0, 0, 1, 1, 0, 11495.068359375
0, 0, 1, 1, 0, 11503.17138671875
0, 0, 1, 0, 0, 11511.245849609375
0, 0, 1, 0, 0, 11522.539794921875
0, 0, 1, 0, 0, 11533.861572265625
0, 0, 1, 0, 0, 11545.1103515625
0, 0, 1, 0, 0, 11556.458984375
0, 0, 1, 0, 0, 11567.715087890625
0, 0, 1, 0, 0, 11578.9638671875
0, 0, 1, 0, 0, 11590.216552734375
0, 0, 1, 0, 0, 11601.46435546875
0, 0, 1, 0, 0, 11612.720703125
0, 0, 1, 0, 0, 11624.019775390625
0, 1, 1, 0, 0, 11635.444580078125
0, 1, 1, 0, 0, 11645.1083984375
0, 1, 1, 0, 0, 11653.186279296875
0, 1, 1, 0, 0, 11661.254638671875
0, 1, 1, 0, 0, 11669.32373046875
0, 1, 1, 0, 0, 11677.391845703125
0, 1, 0, 0, 0, 11685.458740234375
0, 1, 0, 0, 0, 11695.110107421875
0, 1, 0, 0, 0, 11703.209716796875
1, 1, 0, 0, 0, 11725.78369140625
1, 1, 0, 0, 0, 11738.1767578125
1, 1, 0, 0, 0, 11747.3515625
1, 1, 0, 0, 0, 11756.566162109375
1, 1, 0, 0, 0, 11765.964111328125
1, 0, 0, 0, 0, 11775.325439453125
1, 0, 0, 0, 0, 11789.677734375
1, 0, 0, 0, 0, 11800.849609375
1, 0, 0, 0, 0, 11811.8740234375
1, 0, 0, 0, 0, 11822.776611328125
1, 0, 0, 0, 0, 11833.6064453125
1, 0, 0, 0, 0, 11844.650390625
1, 0, 0, 0, 0, 11855.672119140625
1, 0, 0, 0, 0, 11866.635009765625
1, 0, 0, 0, 0, 11877.601318359375
1, 1, 0, 0, 0, 11888.59716796875
1, 1, 0, 0, 0, 11901.54736328125
1, 1, 0, 0, 0, 11910.810791015625
1, 1, 0, 0, 0, 11919.513671875
1, 1, 0, 0, 0, 11927.7724609375
1, 1, 0, 0, 0, 11935.901123046875
1, 1, 0, 0, 0, 11943.9970703125
1, 1, 0, 0, 0, 11952.062255859375
1, 1, 0, 0, 0, 11960.1806640625
1, 1, 0, 0, 0, 11968.267578125
1, 1, 0, 0, 0, 11976.42431640625
1, 1, 0, 0, 0, 11984.575927734375
1, 1, 0, 0, 0, 11992.683349609375
1, 1, 0, 0, 0, 12000.778564453125
1, 1, 0, 0, 0, 12008.8662109375
1, 1, 0, 0, 0, 12016.959228515625
1, 1, 0, 0, 0, 12025.0537109375
1, 1, 0, 0, 0, 12033.132080078125
1, 0, 0, 0, 0, 12041.212646484375
1, 0, 0, 0, 0, 12054.000244140625
1, 0, 0, 0, 0, 12063.640625
1, 0, 0, 0, 0, 12073.366455078125
1, 0, 0, 0, 0, 12083.037109375
1, 0, 0, 0, 0, 12092.6884765625
1, 0, 0, 0, 0, 12102.326904296875
1, 0, 0, 0, 0, 12111.99658203125
1, 0, 0, 0, 0, 12121.638427734375
1, 0, 0, 0, 0, 12131.3720703125
1, 0, 0, 0, 0, 12141.01416015625
1, 0, 0, 0, 0, 12150.674072265625
1, 0, 0, 0, 0, 12160.31640625
1, 0, 0, 0, 0, 12170.017333984375
1, 0, 0, 0, 0, 12179.668701171875
1, 0, 0, 0, 0, 12189.31689453125
1, 0, 0, 0, 0, 12199.03173828125
1, 0, 0, 0, 0, 12208.7119140625
1, 0, 0, 0, 0, 12218.43115234375
1, 0, 0, 0, 0, 12228.0751953125
1, 0, 0, 0, 0, 12237.704833984375
1, 0, 0, 0, 0, 12247.335693359375
1, 1, 0, 0, 0, 12256.963134765625
1, 1, 0, 0, 0, 12268.1650390625
1, 1, 0, 0, 0, 12276.267578125
1, 1, 0, 0, 0, 12284.345703125
1, 1, 0, 0, 0, 12292.422119140625
1, 1, 0, 0, 0, 12300.498779296875
1, 1, 0, 0, 0, 12308.58544921875
1, 1, 0, 0, 0, 12316.72216796875
1, 1, 1, 0, 0, 12324.799072265625
0, 1, 1, 0, 0, 12332.904541015625
0, 1, 1, 0, 0, 12340.98046875
0, 1, 1, 0, 0, 12355.296630859375
1, 1, 1, 0, 0, 12363.446533203125
1, 1, 1, 0, 0, 12371.546630859375
0, 1, 1, 0, 0, 12379.68212890625
0, 1, 1, 0, 0, 12387.764892578125
0, 1, 1, 0, 0, 12395.8544921875
0, 1, 1, 0, 0, 12403.929931640625
0, 1, 1, 0, 0, 12411.988037109375
0, 1, 1, 0, 0, 12420.115478515625
0, 0, 1, 0, 0, 12428.18359375
0, 0, 1, 0, 0, 12436.28515625
0, 0, 1, 0, 0, 12445.974365234375
0, 0, 1, 0, 0, 12457.236083984375
0, 0, 1, 0, 0, 12468.48779296875
0, 1, 1, 0, 0, 12479.84326171875
0, 1, 1, 0, 0, 12488.004150390625
0, 1, 1, 0, 0, 12496.1533203125
0, 1, 1, 0, 0, 12504.241455078125
0, 1, 1, 0, 0, 12512.335693359375
0, 1, 1, 0, 0, 12520.40234375
0, 1, 1, 0, 0, 12528.466552734375
0, 1, 0, 0, 0, 12536.532958984375
0, 1, 0, 0, 0, 12546.18701171875
0, 1, 0, 0, 0, 12554.247802734375
0, 1, 0, 0, 0, 12562.33740234375
0, 1, 0, 0, 0, 12570.40380859375
0, 1, 0, 0, 0, 12578.49169921875
0, 1, 0, 0, 0, 12586.57421875
0, 1, 0, 0, 0, 12594.6611328125
0, 1, 0, 0, 0, 12602.75537109375
0, 1, 0, 0, 0, 12610.86181640625
0, 1, 0, 0, 0, 12618.962890625
0, 1, 0, 0, 0, 12627.06787109375
0, 1, 0, 0, 0, 12635.14453125
0, 1, 0, 0, 0, 12643.208984375
0, 1, 0, 0, 0, 12651.348876953125
0, 1, 0, 0, 0, 12659.413818359375
0, 1, 0, 0, 0, 12667.546875
1, 1, 0, 0, 0, 12675.6328125
1, 1, 0, 0, 0, 12686.834716796875
1, 1, 0, 0, 0, 12694.997314453125
1, 1, 0, 0, 0, 12703.093017578125
1, 1, 0, 0, 0, 12711.178955078125
1, 1, 0, 0, 0, 12719.26220703125
0, 1, 0, 0, 0, 12727.34814453125
1, 1, 0, 0, 0, 12738.557373046875
0, 1, 0, 0, 0, 12751.380859375
0, 1, 0, 0, 0, 12759.486083984375
0, 1, 0, 0, 0, 12770.659912109375
0, 1, 0, 0, 0, 12778.751220703125
0, 1, 0, 0, 0, 12786.858154296875
0, 1, 0, 0, 0, 12795.02099609375
0, 1, 0, 0, 0, 12803.108642578125
0, 1, 1, 0, 0, 12811.175048828125
0, 1, 1, 0, 0, 12820.792724609375
0, 1, 1, 0, 0, 12828.859130859375
0, 1, 1, 0, 0, 12836.919677734375
0, 1, 1, 0, 0, 12845.05126953125
0, 0, 1, 0, 0, 12853.1181640625
0, 0, 1, 0, 0, 12862.797119140625
0, 0, 1, 0, 0, 12874.0439453125
0, 0, 1, 0, 0, 12885.300537109375
0, 0, 1, 0, 0, 12896.56640625
0, 0, 1, 0, 0, 12907.79833984375
0, 0, 1, 0, 0, 12919.11767578125
0, 0, 1, 0, 0, 12930.375244140625
0, 0, 1, 0, 0, 12941.64697265625
0, 0, 1, 0, 0, 12952.899169921875
0, 0, 1, 0, 0, 12964.24609375
0, 0, 1, 0, 0, 12975.50146484375
0, 0, 1, 0, 0, 12986.75048828125
0, 0, 1, 0, 0, 12998.005615234375
0, 0, 1, 0, 0, 13009.254150390625
0, 0, 1, 0, 0, 13020.504638671875
0, 0, 1, 0, 0, 13031.760009765625
0, 0, 1, 0, 0, 13043.043212890625
0, 0, 1, 0, 0, 13054.28955078125
0, 0, 1, 0, 0, 13065.551513671875
0, 0, 1, 0, 0, 13076.810302734375
0, 0, 1, 0, 0, 13088.135009765625
0, 0, 1, 0, 0, 13099.38525390625
0, 0, 1, 0, 0, 13110.68994140625
0, 0, 1, 0, 0, 13121.976806640625
0, 0, 1, 0, 0, 13133.252685546875
0, 0, 1, 0, 0, 13144.546630859375
0, 0, 1, 0, 0, 13155.80126953125
0, 0, 1, 0, 0, 13167.050048828125
0, 0, 1, 0, 0, 13178.303955078125
0, 0, 1, 0, 0, 13189.554443359375
0, 0, 1, 0, 0, 13200.807861328125
0, 0, 1, 0, 0, 13212.074951171875
0, 0, 1, 0, 0, 13223.40625
0, 0, 1, 0, 0, 13234.666748046875
0, 0, 1, 1, 0, 13242.77294921875
0, 0, 1, 1, 0, 13250.8486328125
0, 0, 1, 1, 0, 13258.9462890625
0, 0, 1, 1, 0, 13267.052001953125
0, 0, 1, 1, 0, 13275.1640625
0, 0, 1, 1, 0, 13283.256103515625
0, 0, 1, 1, 0, 13291.38037109375
0, 0, 1, 1, 0, 13299.461669921875
0, 0, 1, 1, 0, 13307.56396484375
0, 0, 1, 1, 0, 13315.71923828125
0, 0, 1, 1, 0, 13323.854736328125
0, 0, 1, 1, 0, 13331.971435546875
0, 0, 1, 1, 0, 13340.126953125
0, 0, 1, 1, 0, 13348.21923828125
0, 0, 1, 1, 0, 13356.3076171875
0, 0, 1, 1, 0, 13364.40771484375
0, 0, 0, 1, 0, 13372.488525390625
0, 0, 0, 1, 0, 13383.1318359375
0, 0, 0, 1, 0, 13391.395263671875
0, 0, 0, 1, 0, 13399.489990234375
0, 0, 0, 1, 0, 13407.58984375
0, 0, 0, 1, 0, 13415.73828125
0, 0, 0, 1, 0, 13423.897705078125
0, 0, 0, 1, 0, 13432.00439453125
0, 0, 0, 1, 0, 13440.1806640625
0, 0, 0, 1, 0, 13448.9765625
0, 0, 0, 1, 0, 13457.1240234375
0, 0, 0, 1, 0, 13465.225830078125
0, 0, 0, 1, 0, 13473.381103515625
0, 0, 0, 1, 0, 13481.476318359375
0, 0, 0, 1, 0, 13489.56494140625
0, 0, 0, 1, 0, 13497.658447265625
0, 0, 0, 1, 0, 13505.75732421875
0, 0, 0, 1, 0, 13513.881103515625
0, 0, 0, 1, 0, 13521.9794921875
0, 0, 0, 1, 0, 13530.141357421875
0, 0, 0, 1, 0, 13538.25341796875
0, 0, 0, 1, 0, 13546.441650390625
0, 0, 0, 1, 0, 13554.60595703125
0, 0, 0, 1, 0, 13562.689697265625
0, 0, 0, 1, 0, 13570.75927734375
0, 0, 0, 1, 0, 13578.839599609375
0, 0, 0, 1, 0, 13586.924072265625
0, 0, 0, 1, 0, 13595.079833984375
0, 0, 1, 1, 0, 13603.196044921875
0, 0, 1, 1, 0, 13611.34423828125
0, 0, 1, 1, 0, 13619.423828125
0, 0, 1, 1, 0, 13627.72802734375
0, 0, 1, 1, 0, 13635.84130859375
0, 0, 1, 1, 0, 13643.92919921875
0, 0, 1, 1, 0, 13652.01025390625
0, 0, 1, 1, 0, 13660.155029296875
0, 0, 1, 1, 0, 13668.242431640625
0, 0, 1, 1, 0, 13676.328369140625
0, 0, 1, 1, 0, 13684.406982421875
0, 0, 1, 1, 0, 13692.484130859375
0, 0, 1, 1, 0, 13700.5595703125
0, 0, 1, 1, 0, 13708.64208984375
0, 0, 1, 1, 0, 13716.72412109375
0, 0, 1, 1, 0, 13724.8154296875
0, 0, 1, 1, 0, 13732.906494140625
0, 0, 1, 1, 0, 13740.98193359375
0, 0, 1, 1, 0, 13749.082275390625
0, 0, 1, 1, 0, 13757.2236328125
0, 0, 1, 1, 0, 13765.39453125
0, 0, 1, 1, 0, 13773.543701171875
0, 0, 1, 1, 0, 13781.63232421875
0, 0, 1, 1, 0, 13789.71337890625
0, 0, 1, 1, 0, 13797.797119140625
0, 0, 1, 1, 0, 13805.88671875
0, 0, 1, 1, 0, 13813.965087890625
0, 0, 1, 1, 0, 13822.03662109375
0, 0, 1, 1, 0, 13830.184326171875
0, 0, 1, 1, 0, 13838.26611328125
0, 0, 1, 1, 0, 13846.533935546875
0, 0, 1, 1, 0, 13854.62158203125
0, 0, 1, 1, 0, 13862.720458984375
0, 0, 1, 1, 0, 13870.7939453125
0, 0, 1, 1, 0, 13878.889404296875
0, 0, 1, 1, 0, 13886.99267578125
0, 0, 0, 1, 0, 13895.086181640625
0, 0, 0, 1, 0, 13903.176513671875
0, 0, 0, 1, 0, 13911.328369140625
0, 0, 0, 1, 0, 13919.41748046875
0, 0, 0, 1, 0, 13927.565673828125
0, 0, 0, 1, 0, 13935.744873046875
0, 0, 0, 1, 0, 13943.9365234375
0, 0, 0, 1, 0, 13952.03369140625
0, 0, 0, 1, 0, 13960.179443359375
0, 0, 0, 1, 0, 13968.262451171875
0, 0, 0, 1, 0, 13976.43505859375
0, 0, 0, 1, 0, 13984.58837890625
0, 0, 0, 1, 0, 13992.689208984375
0, 0, 0, 1, 0, 14000.7646484375
0, 0, 0, 1, 0, 14008.84375
0, 0, 1, 1, 0, 14016.93896484375
0, 0, 1, 1, 0, 14026.622802734375
0, 0, 1, 1, 0, 14034.704833984375
0, 0, 1, 1, 0, 14042.793701171875
0, 0, 1, 1, 0, 14050.855224609375
0, 0, 1, 1, 0, 14058.944580078125
0, 0, 1, 1, 0, 14067.03564453125
0, 0, 1, 1, 0, 14075.136474609375
0, 0, 1, 1, 0, 14083.218505859375
0, 0, 1, 1, 0, 14091.38232421875
0, 0, 1, 1, 0, 14099.447265625
0, 0, 1, 1, 0, 14107.552978515625
0, 0, 1, 1, 0, 14115.643798828125
0, 0, 1, 1, 0, 14123.70751953125
0, 0, 1, 1, 0, 14131.779541015625
0, 0, 1, 1, 0, 14139.8330078125
0, 0, 1, 1, 0, 14148.0517578125
0, 0, 1, 1, 0, 14156.16162109375
0, 0, 1, 1, 0, 14164.264892578125
0, 0, 1, 1, 0, 14172.351806640625
0, 0, 1, 1, 0, 14180.430419921875
0, 0, 1, 1, 0, 14188.50244140625
0, 0, 1, 1, 0, 14196.590576171875
0, 0, 1, 1, 0, 14204.68798828125
0, 0, 1, 1, 0, 14212.7734375
0, 0, 1, 1, 0, 14220.84375
0, 0, 1, 1, 0, 14228.916259765625
0, 0, 1, 1, 0, 14236.979736328125
0, 0, 1, 1, 0, 14245.097900390625
0, 0, 1, 1, 0, 14253.190185546875
0, 0, 1, 1, 0, 14261.333251953125
0, 0, 1, 1, 0, 14269.85009765625
0, 0, 1, 1, 0, 14278.09375
0, 0, 1, 1, 0, 14286.244140625
0, 0, 1, 1, 0, 14294.347412109375
0, 0, 1, 1, 0, 14302.452880859375
0, 0, 1, 1, 0, 14310.53662109375
0, 0, 1, 1, 0, 14318.61083984375
0, 0, 1, 1, 0, 14326.6845703125
0, 0, 1, 1, 0, 14334.745361328125
0, 0, 1, 1, 0, 14342.876220703125
0, 0, 1, 1, 0, 14350.975830078125
0, 0, 1, 1, 0, 14359.060791015625
0, 0, 1, 1, 0, 14367.1904296875
0, 0, 1, 1, 0, 14375.2734375
0, 0, 1, 1, 0, 14383.589111328125
0, 0, 1, 1, 0, 14391.67724609375
0, 0, 1, 1, 0, 14399.74365234375
0, 0, 1, 1, 0, 14407.9052734375
0, 0, 1, 1, 0, 14416.09716796875
0, 0, 1, 1, 0, 14424.240234375
0, 0, 1, 1, 0, 14432.336669921875
0, 0, 1, 1, 0, 14440.43310546875
0, 0, 1, 1, 0, 14448.514404296875
0, 0, 1, 1, 0, 14456.601806640625
0, 0, 1, 1, 0, 14464.691650390625
0, 0, 1, 1, 0, 14472.760986328125
0, 0, 1, 1, 0, 14480.8544921875
0, 0, 0, 1, 0, 14488.938232421875
0, 0, 0, 1, 0, 14497.040283203125
0, 0, 0, 1, 0, 14505.126220703125
0, 0, 0, 1, 0, 14513.490966796875
0, 0, 0, 1, 0, 14522.111083984375
0, 0, 0, 1, 0, 14530.2548828125
0, 0, 1, 1, 0, 14538.34814453125
0, 0, 0, 1, 0, 14546.572509765625
0, 0, 0, 1, 0, 14556.21728515625
0, 0, 0, 1, 0, 14564.3203125
0, 0, 0, 1, 0, 14572.389892578125
0, 0, 0, 1, 0, 14580.47509765625
0, 0, 0, 1, 0, 14588.554443359375
0, 0, 0, 1, 0, 14596.65087890625
0, 0, 0, 1, 0, 14604.732177734375
0, 0, 0, 1, 0, 14612.807373046875
0, 0, 0, 1, 0, 14620.908447265625
0, 0, 0, 1, 0, 14629.0234375
0, 0, 0, 1, 0, 14637.224609375
0, 0, 0, 1, 0, 14645.434326171875
0, 0, 0, 1, 0, 14653.578369140625
0, 0, 0, 1, 0, 14661.656005859375
0, 0, 0, 1, 0, 14669.725830078125
0, 0, 0, 1, 0, 14677.905029296875
0, 0, 0, 1, 0, 14686.003662109375
0, 0, 0, 1, 0, 14694.112548828125
0, 0, 0, 1, 0, 14702.16943359375
0, 0, 0, 1, 0, 14710.282470703125
0, 0, 0, 1, 0, 14718.36767578125
0, 0, 0, 1, 0, 14726.52734375
0, 0, 0, 1, 0, 14734.61865234375
0, 0, 0, 1, 0, 14742.736572265625
0, 0, 0, 1, 0, 14750.818115234375
0, 0, 1, 1, 0, 14758.906005859375
0, 0, 1, 1, 0, 14767.001953125
0, 0, 1, 1, 0, 14775.113525390625
0, 0, 1, 1, 0, 14795.38818359375
0, 0, 1, 1, 0, 14804.614501953125
0, 0, 1, 1, 0, 14813.552490234375
0, 0, 1, 1, 0, 14822.7333984375
0, 0, 1, 1, 0, 14832.009033203125
0, 0, 1, 1, 0, 14841.35498046875
0, 0, 1, 1, 0, 14850.627197265625
0, 0, 1, 1, 0, 14859.8134765625
0, 0, 1, 1, 0, 14869.20751953125
0, 0, 1, 1, 0, 14878.396484375
0, 0, 1, 1, 0, 14887.685546875
0, 0, 1, 1, 0, 14896.95166015625
0, 0, 1, 1, 0, 14906.178466796875
0, 0, 1, 1, 0, 14915.595947265625
0, 0, 1, 1, 0, 14924.8505859375
0, 0, 1, 1, 0, 14934.252197265625
0, 0, 1, 1, 0, 14943.644775390625
0, 0, 1, 1, 0, 14952.841064453125
0, 0, 1, 1, 0, 14962.052001953125
0, 0, 1, 1, 0, 14971.3994140625
0, 0, 1, 1, 0, 14980.715087890625
0, 0, 1, 1, 0, 14989.8857421875
0, 0, 1, 1, 0, 14998.3427734375
0, 0, 1, 1, 0, 15006.53955078125
0, 0, 1, 1, 0, 15014.708251953125
0, 0, 1, 1, 0, 15022.80322265625
0, 0, 1, 1, 0, 15030.901123046875
0, 0, 1, 1, 0, 15038.98876953125
0, 0, 1, 1, 0, 15047.078857421875
0, 0, 1, 1, 0, 15055.178955078125
0, 0, 1, 1, 0, 15063.332763671875
0, 0, 1, 1, 0, 15071.423095703125
0, 0, 1, 1, 0, 15079.51123046875
0, 0, 1, 1, 0, 15087.582763671875
0, 0, 1, 1, 0, 15095.72021484375
0, 0, 1, 1, 0, 15103.84716796875
0, 0, 1, 1, 0, 15111.972412109375
0, 0, 1, 1, 0, 15120.114501953125
0, 0, 1, 1, 0, 15128.21240234375
0, 0, 1, 1, 0, 15136.3154296875
0, 0, 1, 1, 0, 15144.406982421875
0, 0, 1, 1, 0, 15152.4755859375
0, 0, 1, 1, 0, 15160.564453125
0, 0, 1, 1, 0, 15168.622802734375
0, 0, 1, 1, 0, 15176.71435546875
0, 0, 1, 1, 0, 15184.794189453125
0, 0, 1, 1, 0, 15192.900146484375
0, 0, 1, 1, 0, 15200.968017578125
0, 0, 1, 1, 0, 15209.057861328125
0, 0, 1, 1, 0, 15217.180908203125
0, 0, 1, 1, 0, 15225.264404296875
0, 0, 1, 1, 0, 15233.44287109375
0, 0, 1, 1, 0, 15241.53076171875
0, 0, 1, 1, 0, 15249.60400390625
0, 0, 1, 1, 0, 15257.68359375
0, 0, 1, 1, 0, 15265.76318359375
0, 0, 1, 1, 0, 15273.8720703125
0, 0, 1, 1, 0, 15281.978515625
0, 0, 1, 1, 0, 15290.12109375
0, 0, 1, 1, 0, 15298.209228515625
0, 0, 1, 1, 0, 15306.298583984375
0, 0, 1, 1, 0, 15314.36962890625
0, 0, 1, 1, 0, 15322.44384765625
0, 0, 1, 1, 0, 15330.520751953125
0, 0, 1, 1, 0, 15338.58984375
0, 0, 1, 1, 0, 15346.6669921875
0, 0, 1, 1, 0, 15354.7431640625
0, 0, 1, 1, 0, 15362.8203125
0, 0, 0, 1, 0, 15370.876708984375
0, 0, 0, 1, 0, 15380.62548828125
0, 0, 0, 1, 0, 15388.73046875
0, 0, 0, 1, 0, 15396.85205078125
0, 0, 0, 1, 0, 15405.00634765625
0, 0, 0, 1, 0, 15413.07958984375
0, 0, 0, 1, 0, 15421.177001953125
0, 0, 0, 1, 0, 15429.2587890625
0, 0, 0, 1, 0, 15437.341552734375
0, 0, 0, 1, 0, 15445.432373046875
0, 0, 0, 1, 0, 15453.559814453125
0, 0, 0, 1, 0, 15461.63623046875
0, 0, 0, 1, 0, 15469.712158203125
0, 0, 0, 1, 0, 15477.796630859375
0, 0, 0, 1, 0, 15485.89013671875
0, 0, 0, 1, 0, 15493.9951171875
0, 0, 0, 1, 0, 15502.8251953125
0, 0, 0, 1, 0, 15510.977783203125
0, 0, 0, 1, 0, 15519.04736328125
0, 0, 1, 1, 0, 15527.21875
0, 0, 1, 1, 0, 15536.96337890625
0, 0, 1, 1, 0, 15545.070068359375
0, 0, 1, 1, 0, 15553.147705078125
0, 0, 1, 1, 0, 15561.22412109375
0, 0, 1, 1, 0, 15569.30517578125
0, 0, 1, 1, 0, 15577.402099609375
0, 0, 1, 1, 0, 15585.50634765625
0, 0, 1, 1, 0, 15593.591552734375
0, 0, 1, 1, 0, 15601.659423828125
0, 0, 1, 1, 0, 15609.751708984375
0, 0, 1, 1, 0, 15617.908935546875
0, 0, 1, 1, 0, 15626.017822265625
0, 0, 1, 1, 0, 15634.10986328125
0, 0, 1, 1, 0, 15642.193359375
0, 0, 1, 1, 0, 15650.28271484375
0, 0, 1, 1, 0, 15658.3564453125
0, 0, 1, 1, 0, 15666.51123046875
0, 0, 1, 1, 0, 15674.602294921875
0, 0, 1, 1, 0, 15682.69580078125
0, 0, 1, 1, 0, 15690.786376953125
0, 0, 1, 1, 0, 15698.86083984375
0, 0, 1, 1, 0, 15706.96435546875
0, 0, 1, 1, 0, 15715.04833984375
0, 0, 1, 1, 0, 15723.133544921875
0, 0, 1, 1, 0, 15731.204345703125
0, 0, 1, 1, 0, 15739.302978515625
0, 0, 1, 1, 0, 15747.408447265625
0, 0, 1, 1, 0, 15755.506103515625
0, 0, 1, 1, 0, 15763.59765625
0, 0, 1, 1, 0, 15771.66748046875
0, 0, 1, 1, 0, 15780.7685546875
0, 0, 1, 1, 0, 15789.0166015625
0, 0, 1, 1, 0, 15797.11474609375
0, 0, 1, 1, 0, 15805.18408203125
0, 0, 1, 1, 0, 15813.26025390625
0, 0, 1, 1, 0, 15821.390625
0, 0, 1, 1, 0, 15829.462890625
0, 0, 1, 1, 0, 15837.56201171875
0, 0, 1, 1, 0, 15845.65087890625
0, 0, 1, 1, 0, 15853.742431640625
0, 0, 1, 1, 0, 15861.82470703125
0, 0, 1, 1, 0, 15869.986328125
0, 0, 1, 1, 0, 15878.063720703125
0, 0, 1, 1, 0, 15886.142578125
0, 0, 1, 1, 0, 15894.2607421875
0, 0, 1, 1, 0, 15902.367919921875
0, 0, 1, 1, 0, 15910.43994140625
0, 0, 1, 1, 0, 15918.51220703125
0, 0, 1, 1, 0, 15926.58203125
0, 0, 0, 1, 0, 15934.665283203125
0, 0, 0, 1, 0, 15942.76611328125
0, 0, 0, 1, 0, 15950.857666015625
0, 0, 0, 1, 0, 15958.94482421875
0, 0, 0, 1, 0, 15967.025634765625
0, 0, 0, 1, 0, 15975.111083984375
0, 0, 0, 1, 0, 15983.197998046875
0, 0, 0, 1, 0, 15991.357666015625
0, 0, 0, 1, 0, 15999.44677734375
0, 0, 0, 1, 0, 16007.546875
0, 0, 0, 1, 0, 16015.651611328125
0, 0, 0, 1, 0, 16023.739990234375
0, 0, 0, 1, 0, 16031.828125
0, 0, 0, 1, 0, 16039.971435546875
0, 0, 0, 1, 0, 16048.07763671875
0, 0, 0, 1, 0, 16056.16796875
0, 0, 0, 1, 0, 16064.2841796875
0, 0, 0, 1, 0, 16072.356689453125
0, 0, 0, 1, 0, 16080.45361328125
0, 0, 0, 1, 0, 16088.534423828125
0, 0, 0, 1, 0, 16096.624267578125
0, 0, 0, 1, 0, 16104.71142578125
0, 0, 1, 1, 0, 16112.807861328125
0, 0, 1, 1, 0, 16120.874267578125
0, 0, 1, 1, 0, 16128.9619140625
0, 0, 1, 1, 0, 16137.04296875
0, 0, 1, 1, 0, 16145.108642578125
0, 0, 1, 1, 0, 16153.201904296875
0, 0, 1, 1, 0, 16161.351318359375
0, 0, 1, 1, 0, 16169.426513671875
0, 0, 1, 1, 0, 16177.548828125
0, 0, 1, 1, 0, 16185.634521484375
0, 0, 1, 1, 0, 16193.973876953125
0, 0, 1, 1, 0, 16202.12939453125
0, 0, 1, 1, 0, 16210.232177734375
0, 0, 1, 1, 0, 16218.306396484375
0, 0, 1, 1, 0, 16226.46533203125
0, 0, 1, 1, 0, 16234.586181640625
0, 0, 1, 1, 0, 16242.681640625
0, 0, 1, 1, 0, 16250.766845703125
0, 0, 1, 1, 0, 16258.85400390625
0, 0, 1, 1, 0, 16266.937744140625
0, 0, 1, 1, 0, 16275.063232421875
0, 0, 1, 1, 0, 16283.15576171875
0, 0, 1, 1, 0, 16291.237060546875
0, 0, 1, 1, 0, 16299.324462890625
0, 0, 1, 1, 0, 16307.42724609375
0, 0, 1, 1, 0, 16315.522216796875
0, 0, 1, 1, 0, 16323.61572265625
0, 0, 1, 1, 0, 16331.697021484375
0, 0, 1, 1, 0, 16339.7568359375
0, 0, 1, 1, 0, 16347.912353515625
0, 0, 1, 1, 0, 16356.089111328125
0, 0, 1, 1, 0, 16364.24755859375
0, 0, 1, 1, 0, 16372.3330078125
0, 0, 1, 1, 0, 16381.510009765625
0, 0, 1, 1, 0, 16389.72216796875
0, 0, 1, 1, 0, 16397.898681640625
0, 0, 1, 1, 0, 16406.001220703125
0, 0, 1, 1, 0, 16414.106689453125
0, 0, 1, 1, 0, 16422.170166015625
0, 0, 1, 1, 0, 16430.257568359375
0, 0, 1, 1, 0, 16438.35009765625
0, 0, 1, 1, 0, 16446.490478515625
0, 0, 1, 1, 0, 16454.60400390625
0, 0, 1, 1, 0, 16462.695068359375
0, 0, 1, 1, 0, 16470.770263671875
0, 0, 1, 1, 0, 16478.85595703125
0, 0, 1, 1, 0, 16486.943603515625
0, 0, 1, 1, 0, 16495.1201171875
0, 0, 1, 1, 0, 16503.19921875
0, 0, 1, 1, 0, 16511.346435546875
0, 0, 1, 1, 0, 16519.42919921875
0, 0, 1, 1, 0, 16527.5908203125
0, 0, 1, 1, 0, 16535.752197265625
0, 0, 1, 1, 0, 16543.896728515625
0, 0, 1, 1, 0, 16551.995361328125
0, 0, 1, 1, 0, 16560.152587890625
0, 0, 1, 1, 0, 16568.240478515625
0, 0, 1, 1, 0, 16576.33837890625
0, 0, 1, 1, 0, 16584.412353515625
0, 0, 1, 1, 0, 16592.498046875
0, 0, 1, 1, 0, 16600.564208984375
0, 0, 1, 1, 0, 16608.654052734375
0, 0, 1, 1, 0, 16616.748046875
0, 0, 1, 1, 0, 16624.877685546875
0, 0, 1, 1, 0, 16633.02392578125
0, 0, 1, 1, 0, 16641.113525390625
0, 0, 1, 1, 0, 16649.194580078125
0, 0, 1, 0, 0, 16657.2861328125
0, 0, 1, 0, 0, 16665.447265625
0, 0, 1, 0, 0, 16673.578369140625
0, 0, 1, 0, 0, 16681.726318359375
0, 0, 1, 0, 0, 16689.85009765625
0, 0, 1, 0, 0, 16698.0673828125
0, 0, 1, 0, 0, 16706.23779296875
0, 0, 1, 0, 0, 16714.392822265625
0, 0, 1, 0, 0, 16722.541748046875
0, 0, 1, 0, 0, 16730.681640625
0, 0, 1, 0, 0, 16738.822509765625
0, 0, 1, 0, 0, 16746.99365234375
0, 0, 1, 0, 0, 16755.14697265625
0, 1, 1, 0, 0, 16763.381591796875
0, 1, 1, 0, 0, 16771.48828125
0, 1, 1, 0, 0, 16779.556396484375
0, 1, 1, 0, 0, 16787.63916015625
0, 1, 1, 0, 0, 16795.75537109375
0, 1, 1, 0, 0, 16803.90380859375
0, 1, 1, 0, 0, 16811.990966796875
0, 1, 1, 0, 0, 16820.134765625
0, 1, 1, 0, 0, 16828.19140625
0, 1, 0, 0, 0, 16836.2607421875
0, 1, 0, 0, 0, 16844.320556640625
0, 1, 0, 0, 0, 16852.397216796875
0, 1, 0, 0, 0, 16860.4755859375
0, 1, 0, 0, 0, 16868.541748046875
0, 1, 0, 0, 0, 16876.604248046875
0, 1, 0, 0, 0, 16884.671875
0, 1, 0, 0, 0, 16892.74755859375
0, 1, 0, 0, 0, 16900.81787109375
0, 1, 0, 0, 0, 16908.900146484375
0, 1, 0, 0, 0, 16916.9638671875
0, 1, 0, 0, 0, 16925.050537109375
0, 1, 0, 0, 0, 16933.11279296875
0, 1, 0, 0, 0, 16941.19873046875
0, 1, 0, 0, 0, 16949.2685546875
0, 1, 0, 0, 0, 16957.3330078125
0, 1, 0, 0, 0, 16965.407958984375
0, 1, 0, 0, 0, 16973.55908203125
0, 1, 0, 0, 0, 16981.620361328125
0, 1, 0, 0, 0, 16989.681640625
0, 1, 0, 0, 0, 16997.76318359375
0, 1, 0, 0, 0, 17005.843505859375
0, 1, 0, 0, 0, 17013.915283203125
0, 1, 0, 0, 0, 17021.97265625
0, 1, 0, 0, 0, 17030.100341796875
0, 1, 0, 0, 0, 17038.160400390625
0, 1, 0, 0, 0, 17046.230712890625
0, 1, 0, 0, 0, 17054.2998046875
0, 1, 0, 0, 0, 17062.3720703125
0, 1, 0, 0, 0, 17070.461669921875
0, 1, 0, 0, 0, 17078.5419921875
0, 1, 0, 0, 0, 17086.6005859375
0, 1, 0, 0, 0, 17094.6728515625
0, 1, 0, 0, 0, 17102.756103515625
0, 1, 0, 0, 0, 17110.82861328125
0, 1, 0, 0, 0, 17118.89013671875
0, 1, 0, 0, 0, 17126.9775390625
0, 1, 1, 0, 0, 17135.05517578125
0, 1, 1, 0, 0, 17144.70458984375
0, 1, 1, 0, 0, 17152.768310546875
0, 1, 1, 0, 0, 17160.83447265625
0, 1, 1, 0, 0, 17168.89208984375
0, 1, 1, 0, 0, 17176.96435546875
0, 1, 1, 0, 0, 17185.0537109375
0, 1, 0, 0, 0, 17193.114013671875
0, 1, 0, 0, 0, 17202.821044921875
0, 1, 0, 0, 0, 17210.871826171875
0, 1, 0, 0, 0, 17218.96240234375
1, 1, 0, 0, 0, 17227.027587890625
1, 1, 0, 0, 0, 17239.81396484375
1, 1, 0, 0, 0, 17247.975341796875
1, 1, 0, 0, 0, 17256.09814453125
1, 1, 0, 0, 0, 17264.22412109375
1, 1, 0, 0, 0, 17272.328369140625
1, 1, 0, 0, 0, 17280.40380859375
1, 1, 0, 0, 0, 17288.49560546875
1, 0, 0, 0, 0, 17296.57373046875
1, 0, 0, 0, 0, 17310.877685546875
1, 0, 0, 0, 0, 17320.535400390625
1, 0, 0, 0, 0, 17330.199951171875
1, 0, 0, 0, 0, 17339.82470703125
1, 0, 0, 0, 0, 17349.5185546875
1, 0, 0, 0, 0, 17359.144287109375
1, 1, 0, 0, 0, 17368.78955078125
1, 1, 0, 0, 0, 17383.155517578125
1, 1, 0, 0, 0, 17391.343994140625
1, 1, 0, 0, 0, 17399.42138671875
1, 1, 0, 0, 0, 17407.552734375
1, 1, 0, 0, 0, 17415.7314453125
1, 1, 0, 0, 0, 17423.894287109375
0, 1, 0, 0, 0, 17431.99267578125
0, 1, 0, 0, 0, 17443.205322265625
0, 1, 1, 0, 0, 17451.341796875
0, 1, 1, 0, 0, 17460.978759765625
0, 1, 1, 0, 0, 17469.65625
0, 0, 1, 0, 0, 17477.76806640625
0, 0, 1, 0, 0, 17487.510498046875
0, 0, 1, 0, 0, 17498.88330078125
0, 0, 1, 0, 0, 17510.1708984375
0, 0, 1, 0, 0, 17521.40771484375
0, 0, 1, 1, 0, 17532.66162109375
0, 0, 1, 1, 0, 17542.342041015625
0, 0, 1, 1, 0, 17550.416015625
0, 0, 1, 0, 0, 17558.502197265625
0, 0, 1, 0, 0, 17569.759765625
0, 0, 1, 0, 0, 17581.80615234375
0, 0, 1, 0, 0, 17593.125732421875
0, 0, 1, 0, 0, 17604.405029296875
0, 0, 1, 0, 0, 17615.664306640625
0, 0, 1, 0, 0, 17627.096923828125
0, 0, 1, 0, 0, 17638.425048828125
0, 0, 1, 0, 0, 17649.67578125
0, 0, 1, 0, 0, 17660.927001953125
0, 0, 1, 0, 0, 17672.2060546875
0, 0, 1, 0, 0, 17683.5283203125
0, 0, 1, 0, 0, 17694.794677734375
0, 1, 1, 0, 0, 17706.121826171875
0, 1, 1, 0, 0, 17715.80810546875
0, 1, 1, 0, 0, 17723.912109375
0, 1, 1, 0, 0, 17731.9931640625
0, 1, 1, 0, 0, 17740.142822265625
0, 1, 1, 0, 0, 17748.245849609375
0, 1, 1, 0, 0, 17766.2236328125
0, 1, 1, 0, 0, 17775.31591796875
0, 1, 0, 0, 0, 17784.321533203125
1, 1, 0, 0, 0, 17795.272216796875
1, 1, 0, 0, 0, 17807.961669921875
1, 1, 0, 0, 0, 17817.459716796875
1, 1, 0, 0, 0, 17826.728515625
1, 1, 0, 0, 0, 17836.001708984375
1, 1, 0, 0, 0, 17845.35205078125
1, 0, 0, 0, 0, 17854.505859375
1, 0, 0, 0, 0, 17870.68701171875
1, 0, 0, 0, 0, 17881.86474609375
1, 0, 0, 0, 0, 17892.8251953125
1, 0, 0, 0, 0, 17903.833984375
1, 0, 0, 0, 0, 17914.83984375
1, 0, 0, 0, 0, 17925.984619140625
1, 0, 0, 0, 0, 17936.97802734375
1, 0, 0, 0, 0, 17948.041748046875
1, 0, 0, 0, 0, 17959.063720703125
1, 0, 0, 0, 0, 17969.080078125
1, 1, 0, 0, 0, 17978.855712890625
1, 1, 0, 0, 0, 17993.227783203125
1, 1, 0, 0, 0, 18001.38037109375
1, 1, 0, 0, 0, 18009.472900390625
1, 1, 0, 0, 0, 18017.54541015625
0, 1, 0, 0, 0, 18025.647705078125
0, 1, 0, 0, 0, 18036.8427734375
0, 1, 0, 0, 0, 18045.0263671875
0, 1, 1, 0, 0, 18053.097900390625
0, 1, 1, 0, 0, 18061.17236328125
0, 1, 1, 0, 0, 18069.224609375
0, 0, 1, 0, 0, 18077.2998046875
0, 0, 1, 0, 0, 18087.009521484375
0, 0, 1, 0, 0, 18098.296875
0, 0, 1, 0, 0, 18109.58056640625
0, 0, 1, 0, 0, 18121.545654296875
0, 0, 1, 0, 0, 18132.82958984375
0, 0, 1, 0, 0, 18144.087890625
0, 0, 1, 0, 0, 18155.39404296875
0, 0, 1, 0, 0, 18166.654052734375
0, 0, 1, 0, 0, 18177.98046875
0, 0, 1, 0, 0, 18189.2294921875
0, 0, 1, 0, 0, 18200.48681640625
0, 0, 1, 0, 0, 18211.759521484375
0, 0, 1, 0, 0, 18223.009765625
0, 0, 1, 0, 0, 18234.271728515625
0, 0, 1, 0, 0, 18245.529296875
0, 1, 1, 0, 0, 18256.813720703125
0, 1, 1, 0, 0, 18264.98193359375
0, 1, 1, 0, 0, 18273.043212890625
0, 1, 1, 0, 0, 18281.106201171875
0, 1, 1, 0, 0, 18289.162841796875
0, 1, 1, 0, 0, 18297.2333984375
0, 1, 1, 0, 0, 18305.381591796875
0, 1, 1, 0, 0, 18313.524658203125
0, 1, 1, 0, 0, 18321.5859375
0, 1, 1, 0, 0, 18329.661376953125
0, 1, 1, 0, 0, 18337.73828125
0, 1, 1, 0, 0, 18345.80078125
0, 1, 1, 0, 0, 18353.890625
0, 1, 1, 0, 0, 18361.99072265625
0, 1, 1, 0, 0, 18370.125244140625
0, 1, 1, 0, 0, 18378.37158203125
0, 1, 1, 0, 0, 18386.523193359375
0, 1, 1, 0, 0, 18394.5986328125
0, 1, 1, 0, 0, 18402.69970703125
0, 1, 1, 0, 0, 18410.77392578125
0, 1, 1, 0, 0, 18418.84765625
0, 1, 1, 0, 0, 18426.90771484375
0, 1, 1, 0, 0, 18435.037353515625
0, 1, 1, 0, 0, 18443.13330078125
0, 1, 1, 0, 0, 18451.1845703125
0, 1, 0, 0, 0, 18459.271484375
0, 1, 0, 0, 0, 18468.9033203125
0, 1, 0, 0, 0, 18476.98388671875
1, 1, 0, 0, 0, 18485.07080078125
1, 1, 0, 0, 0, 18496.29052734375
1, 1, 0, 0, 0, 18504.39111328125
1, 1, 0, 0, 0, 18512.4833984375
1, 1, 0, 0, 0, 18520.569091796875
1, 1, 0, 0, 0, 18528.662841796875
1, 0, 0, 0, 0, 18536.828369140625
1, 0, 0, 0, 0, 18551.22265625
1, 0, 0, 0, 0, 18560.8671875
1, 0, 0, 0, 0, 18570.517578125
1, 0, 0, 0, 0, 18580.18212890625
1, 0, 0, 0, 0, 18589.826171875
1, 0, 0, 0, 0, 18599.544921875
1, 0, 0, 0, 0, 18609.172607421875
1, 0, 0, 0, 0, 18618.798828125
1, 0, 0, 0, 0, 18628.564697265625
1, 0, 0, 0, 0, 18638.248291015625
1, 0, 0, 0, 0, 18647.98486328125
1, 1, 0, 0, 0, 18657.658935546875
1, 1, 0, 0, 0, 18668.87451171875
1, 1, 0, 0, 0, 18676.97216796875
1, 1, 0, 0, 0, 18685.0556640625
1, 1, 0, 0, 0, 18693.144287109375
0, 1, 0, 0, 0, 18701.19482421875
0, 1, 0, 0, 0, 18709.285888671875
0, 1, 1, 0, 0, 18722.0224609375
0, 1, 1, 0, 0, 18730.177490234375
0, 1, 1, 0, 0, 18738.2587890625
0, 1, 1, 0, 0, 18746.31494140625
0, 0, 1, 0, 0, 18754.3994140625
0, 0, 1, 0, 0, 18765.67333984375
0, 0, 1, 0, 0, 18776.93310546875
0, 0, 1, 0, 0, 18788.1845703125
0, 0, 1, 1, 0, 18799.525146484375
0, 0, 1, 1, 0, 18809.18017578125
0, 0, 1, 1, 0, 18817.25830078125
0, 0, 1, 1, 0, 18825.407958984375
0, 0, 1, 1, 0, 18833.557373046875
0, 0, 1, 1, 0, 18841.64453125
0, 0, 1, 1, 0, 18849.7080078125
0, 0, 1, 1, 0, 18857.78466796875
0, 0, 1, 1, 0, 18865.88671875
0, 0, 1, 0, 0, 18873.9619140625
0, 0, 1, 0, 0, 18885.216064453125
0, 0, 1, 0, 0, 18896.55810546875
0, 0, 1, 0, 0, 18907.83544921875
0, 0, 1, 0, 0, 18919.147216796875
0, 0, 1, 0, 0, 18930.411865234375
0, 0, 1, 0, 0, 18941.6640625
0, 0, 1, 0, 0, 18952.97021484375
0, 0, 1, 0, 0, 18964.226318359375
0, 0, 1, 0, 0, 18975.474609375
0, 0, 1, 0, 0, 18986.722900390625
0, 0, 1, 0, 0, 18998.013671875
0, 0, 1, 0, 0, 19009.265380859375
0, 1, 1, 0, 0, 19020.548095703125
0, 1, 1, 0, 0, 19030.21240234375
0, 1, 1, 0, 0, 19038.283447265625
0, 1, 1, 0, 0, 19046.431884765625
0, 1, 1, 0, 0, 19054.58740234375
0, 1, 1, 0, 0, 19062.679931640625
0, 1, 1, 0, 0, 19070.738037109375
0, 1, 1, 0, 0, 19078.807861328125
0, 1, 1, 0, 0, 19086.93896484375
0, 1, 1, 0, 0, 19095.067626953125
0, 1, 1, 0, 0, 19103.170166015625
0, 1, 1, 0, 0, 19111.23779296875
0, 1, 1, 0, 0, 19119.307373046875
0, 1, 1, 0, 0, 19127.364990234375
0, 1, 1, 0, 0, 19135.439697265625
0, 1, 1, 0, 0, 19143.552734375
0, 1, 1, 0, 0, 19151.616943359375
0, 1, 1, 0, 0, 19159.68994140625
0, 1, 1, 0, 0, 19167.744384765625
0, 1, 1, 0, 0, 19175.827392578125
0, 1, 1, 0, 0, 19183.887939453125
0, 1, 1, 0, 0, 19191.98193359375
0, 1, 1, 0, 0, 19200.123291015625
0, 1, 1, 0, 0, 19208.196044921875
0, 1, 1, 0, 0, 19216.263427734375
0, 1, 1, 0, 0, 19224.3369140625
0, 1, 1, 0, 0, 19232.431396484375
0, 1, 1, 0, 0, 19240.505859375
0, 1, 1, 0, 0, 19248.5732421875
0, 1, 1, 0, 0, 19256.636962890625
0, 1, 1, 0, 0, 19264.709716796875
0, 1, 1, 0, 0, 19272.787353515625
0, 1, 1, 0, 0, 19280.8623046875
0, 1, 1, 0, 0, 19288.924560546875
0, 1, 1, 0, 0, 19296.9931640625
0, 1, 1, 0, 0, 19305.052001953125
0, 1, 1, 0, 0, 19313.1162109375
0, 1, 1, 0, 0, 19321.180908203125
0, 1, 1, 0, 0, 19329.23828125
0, 1, 1, 0, 0, 19337.30908203125
0, 1, 1, 0, 0, 19345.393310546875
0, 1, 1, 0, 0, 19353.55810546875
0, 1, 1, 0, 0, 19361.630615234375
0, 1, 1, 0, 0, 19369.7021484375
0, 0, 1, 0, 0, 19378.175537109375
0, 0, 1, 0, 0, 19388.076416015625
0, 0, 1, 0, 0, 19399.349365234375
0, 0, 1, 0, 0, 19410.626953125
0, 0, 1, 0, 0, 19421.8857421875
0, 0, 1, 0, 0, 19433.14892578125
0, 0, 1, 0, 0, 19444.401611328125
0, 0, 1, 0, 0, 19455.65234375
0, 0, 1, 0, 0, 19466.908447265625
0, 0, 1, 0, 0, 19478.17236328125
0, 0, 1, 0, 0, 19489.5166015625
0, 0, 1, 0, 0, 19500.782958984375
0, 0, 1, 0, 0, 19512.04150390625
0, 0, 1, 0, 0, 19523.386962890625
0, 0, 1, 0, 0, 19534.645263671875
0, 0, 1, 0, 0, 19545.893798828125
0, 0, 1, 0, 0, 19557.1494140625
0, 0, 1, 0, 0, 19568.46435546875
0, 0, 1, 0, 0, 19579.71240234375
0, 0, 1, 0, 0, 19591.050537109375
0, 0, 1, 0, 0, 19602.3115234375
0, 0, 1, 0, 0, 19613.559326171875
0, 0, 1, 0, 0, 19625.0673828125
0, 0, 1, 0, 0, 19636.365234375
0, 0, 1, 1, 0, 19647.62744140625
0, 0, 1, 1, 0, 19657.31884765625
0, 0, 1, 1, 0, 19665.417236328125
0, 0, 1, 1, 0, 19673.54833984375
0, 0, 1, 1, 0, 19681.6416015625
0, 0, 1, 1, 0, 19689.716064453125
0, 0, 1, 1, 0, 19697.89306640625
0, 0, 1, 1, 0, 19706.003662109375
0, 0, 1, 1, 0, 19714.078125
0, 0, 0, 1, 0, 19722.157470703125
0, 0, 0, 1, 0, 19730.23193359375
0, 0, 0, 1, 0, 19738.328125
0, 0, 0, 1, 0, 19746.514892578125
0, 0, 0, 1, 0, 19754.609130859375
0, 0, 0, 1, 0, 19762.75244140625
0, 0, 0, 1, 0, 19770.826416015625
0, 0, 0, 1, 0, 19778.9072265625
0, 0, 0, 1, 0, 19787.00439453125
0, 0, 0, 1, 0, 19795.0869140625
0, 0, 0, 1, 0, 19803.1611328125
0, 0, 0, 1, 0, 19811.240234375
0, 0, 0, 1, 0, 19819.332763671875
0, 0, 0, 1, 0, 19827.439453125
0, 0, 0, 1, 0, 19835.537841796875
0, 0, 0, 1, 0, 19843.64990234375
0, 0, 0, 1, 0, 19851.7705078125
0, 0, 0, 1, 0, 19859.8486328125
0, 0, 0, 1, 0, 19868.039306640625
0, 0, 0, 1, 0, 19876.12451171875
0, 0, 0, 1, 0, 19884.22265625
0, 0, 0, 1, 0, 19892.3212890625
0, 0, 0, 1, 0, 19900.412109375
0, 0, 0, 1, 0, 19908.498046875
0, 0, 0, 1, 0, 19916.59228515625
0, 0, 0, 1, 0, 19924.670654296875
0, 0, 0, 1, 0, 19937.649169921875
0, 0, 0, 1, 0, 19945.868408203125
0, 0, 0, 1, 0, 19953.987060546875
0, 0, 0, 1, 0, 19962.096923828125
0, 0, 0, 1, 0, 19970.19873046875
0, 0, 0, 1, 0, 19978.294677734375
0, 0, 0, 1, 0, 19986.4765625
0, 0, 0, 1, 0, 19994.583984375
0, 0, 0, 1, 0, 20002.68896484375
0, 0, 0, 1, 0, 20010.77001953125
0, 0, 0, 1, 0, 20018.856689453125
0, 0, 0, 1, 0, 20026.9404296875
0, 0, 0, 1, 0, 20035.06689453125
0, 0, 0, 1, 0, 20043.1708984375
0, 0, 0, 1, 0, 20051.24755859375
0, 0, 0, 1, 0, 20059.337646484375
0, 0, 0, 1, 0, 20067.43115234375
0, 0, 0, 1, 0, 20075.498779296875
0, 0, 0, 1, 0, 20083.59521484375
0, 0, 0, 1, 0, 20091.654296875
0, 0, 0, 1, 0, 20099.7412109375
0, 0, 0, 1, 0, 20107.9482421875
0, 0, 0, 1, 0, 20116.106201171875
0, 0, 0, 1, 0, 20124.2451171875
0, 0, 0, 1, 0, 20132.3388671875
0, 0, 0, 1, 0, 20140.41455078125
0, 0, 0, 1, 0, 20148.509033203125
0, 0, 0, 1, 0, 20156.607421875
0, 0, 0, 1, 0, 20164.7001953125
0, 0, 0, 1, 0, 20172.79345703125
0, 0, 0, 1, 0, 20180.8759765625
0, 0, 0, 1, 0, 20188.9560546875
0, 0, 0, 1, 0, 20197.045166015625
0, 0, 0, 1, 0, 20205.136474609375
0, 0, 0, 1, 0, 20213.223388671875
0, 0, 1, 1, 0, 20221.37841796875
0, 0, 1, 1, 0, 20231.01220703125
0, 0, 1, 1, 0, 20239.087646484375
0, 0, 1, 1, 0, 20247.239501953125
0, 0, 1, 1, 0, 20255.402099609375
0, 0, 1, 1, 0, 20263.554931640625
0, 0, 1, 1, 0, 20271.637451171875
0, 0, 1, 1, 0, 20279.72900390625
0, 0, 1, 1, 0, 20287.87548828125
0, 0, 1, 1, 0, 20295.976318359375
0, 0, 1, 1, 0, 20304.091552734375
0, 0, 1, 1, 0, 20312.160400390625
0, 0, 1, 1, 0, 20320.23974609375
0, 0, 1, 1, 0, 20328.305908203125
0, 0, 1, 1, 0, 20336.482666015625
